<?xml version="1.0" encoding="UTF-8"?>
<testsuite xmlns:xsi="http://www.w3.org/2001/XMLSchema-instance" xsi:noNamespaceSchemaLocation="https://maven.apache.org/surefire/maven-surefire-plugin/xsd/surefire-test-report-3.0.xsd" version="3.0" name="com.soltel.elex.ElexApplicationTests" time="6.72" tests="1" errors="0" skipped="0" failures="0">
  <properties>
[...]
</properties>
  <testcase name="contextLoads" classname="com.soltel.elex.ElexApplicationTests" time="0.57">
    <system-out><![CDATA[12:31:04.403 [main] INFO org.springframework.test.context.support.AnnotationConfigContextLoaderUtils -- Could not detect default configuration classes for test class [com.soltel.elex.ElexApplicationTests]: ElexApplicationTests does not declare any static, non-private, non-final, nested classes annotated with @Configuration.
12:31:04.484 [main] INFO org.springframework.boot.test.context.SpringBootTestContextBootstrapper -- Found @SpringBootConfiguration com.soltel.elex.ElexApplication for test class com.soltel.elex.ElexApplicationTests

  .   ____          _            __ _ _
 /\\ / ___'_ __ _ _(_)_ __  __ _ \ \ \ \
( ( )\___ | '_ | '_| | '_ \/ _` | \ \ \ \
 \\/  ___)| |_)| | | | | || (_| |  ) ) ) )
  '  |____| .__|_| |_|_| |_\__, | / / / /
 =========|_|==============|___/=/_/_/_/
 :: Spring Boot ::                (v3.2.3)

2024-04-06T12:31:04.903+02:00  INFO 1968 --- [elex] [           main] com.soltel.elex.ElexApplicationTests     : Starting ElexApplicationTests using Java 17.0.7 with PID 1968 (started by JaviRTX in f:\Elex)
2024-04-06T12:31:04.905+02:00 DEBUG 1968 --- [elex] [           main] com.soltel.elex.ElexApplicationTests     : Running with Spring Boot v3.2.3, Spring v6.1.4
2024-04-06T12:31:04.905+02:00  INFO 1968 --- [elex] [           main] com.soltel.elex.ElexApplicationTests     : No active profile set, falling back to 1 default profile: "default"
2024-04-06T12:31:04.906+02:00 DEBUG 1968 --- [elex] [           main] o.s.boot.SpringApplication               : Loading source class com.soltel.elex.ElexApplication
2024-04-06T12:31:04.941+02:00 DEBUG 1968 --- [elex] [           main] o.s.w.c.s.GenericWebApplicationContext   : Refreshing org.springframework.web.context.support.GenericWebApplicationContext@1a6f5124
2024-04-06T12:31:04.961+02:00 DEBUG 1968 --- [elex] [           main] o.s.b.f.s.DefaultListableBeanFactory     : Creating shared instance of singleton bean 'org.springframework.context.annotation.internalConfigurationAnnotationProcessor'
2024-04-06T12:31:04.975+02:00 DEBUG 1968 --- [elex] [           main] o.s.b.f.s.DefaultListableBeanFactory     : Creating shared instance of singleton bean 'org.springframework.boot.autoconfigure.internalCachingMetadataReaderFactory'
2024-04-06T12:31:05.010+02:00 DEBUG 1968 --- [elex] [           main] o.s.c.a.ClassPathBeanDefinitionScanner   : Identified candidate component class: file [f:\Elex\target\classes\com\soltel\elex\config\MiConfiguracionCors.class]
2024-04-06T12:31:05.011+02:00 DEBUG 1968 --- [elex] [           main] o.s.c.a.ClassPathBeanDefinitionScanner   : Identified candidate component class: file [f:\Elex\target\classes\com\soltel\elex\config\OpenApiConfig.class]
2024-04-06T12:31:05.016+02:00 DEBUG 1968 --- [elex] [           main] o.s.c.a.ClassPathBeanDefinitionScanner   : Identified candidate component class: file [f:\Elex\target\classes\com\soltel\elex\config\SecurityConfig.class]
2024-04-06T12:31:05.024+02:00 DEBUG 1968 --- [elex] [           main] o.s.c.a.ClassPathBeanDefinitionScanner   : Identified candidate component class: file [f:\Elex\target\classes\com\soltel\elex\controllers\ActuacionController.class]
2024-04-06T12:31:05.026+02:00 DEBUG 1968 --- [elex] [           main] o.s.c.a.ClassPathBeanDefinitionScanner   : Identified candidate component class: file [f:\Elex\target\classes\com\soltel\elex\controllers\DocumentoController.class]
2024-04-06T12:31:05.033+02:00 DEBUG 1968 --- [elex] [           main] o.s.c.a.ClassPathBeanDefinitionScanner   : Identified candidate component class: file [f:\Elex\target\classes\com\soltel\elex\controllers\ExpedienteController.class]
2024-04-06T12:31:05.034+02:00 DEBUG 1968 --- [elex] [           main] o.s.c.a.ClassPathBeanDefinitionScanner   : Identified candidate component class: file [f:\Elex\target\classes\com\soltel\elex\controllers\inicio.class]
2024-04-06T12:31:05.036+02:00 DEBUG 1968 --- [elex] [           main] o.s.c.a.ClassPathBeanDefinitionScanner   : Identified candidate component class: file [f:\Elex\target\classes\com\soltel\elex\controllers\TiposExpedienteController.class]
2024-04-06T12:31:05.044+02:00 DEBUG 1968 --- [elex] [           main] o.s.c.a.ClassPathBeanDefinitionScanner   : Ignored because not a concrete top-level class: file [f:\Elex\target\classes\com\soltel\elex\repositories\ActuacionRepository.class]
2024-04-06T12:31:05.044+02:00 DEBUG 1968 --- [elex] [           main] o.s.c.a.ClassPathBeanDefinitionScanner   : Ignored because not a concrete top-level class: file [f:\Elex\target\classes\com\soltel\elex\repositories\DocumentoRepository.class]
2024-04-06T12:31:05.044+02:00 DEBUG 1968 --- [elex] [           main] o.s.c.a.ClassPathBeanDefinitionScanner   : Ignored because not a concrete top-level class: file [f:\Elex\target\classes\com\soltel\elex\repositories\ExpedienteRepository.class]
2024-04-06T12:31:05.045+02:00 DEBUG 1968 --- [elex] [           main] o.s.c.a.ClassPathBeanDefinitionScanner   : Ignored because not a concrete top-level class: file [f:\Elex\target\classes\com\soltel\elex\repositories\TiposExpedienteRepository.class]
2024-04-06T12:31:05.047+02:00 DEBUG 1968 --- [elex] [           main] o.s.c.a.ClassPathBeanDefinitionScanner   : Identified candidate component class: file [f:\Elex\target\classes\com\soltel\elex\services\ActuacionService.class]
2024-04-06T12:31:05.049+02:00 DEBUG 1968 --- [elex] [           main] o.s.c.a.ClassPathBeanDefinitionScanner   : Identified candidate component class: file [f:\Elex\target\classes\com\soltel\elex\services\DocumentoService.class]
2024-04-06T12:31:05.052+02:00 DEBUG 1968 --- [elex] [           main] o.s.c.a.ClassPathBeanDefinitionScanner   : Identified candidate component class: file [f:\Elex\target\classes\com\soltel\elex\services\ExpedienteService.class]
2024-04-06T12:31:05.053+02:00 DEBUG 1968 --- [elex] [           main] o.s.c.a.ClassPathBeanDefinitionScanner   : Identified candidate component class: file [f:\Elex\target\classes\com\soltel\elex\services\TiposExpedienteService.class]
2024-04-06T12:31:05.628+02:00  INFO 1968 --- [elex] [           main] .s.d.r.c.RepositoryConfigurationDelegate : Bootstrapping Spring Data JPA repositories in DEFAULT mode.
2024-04-06T12:31:05.636+02:00 DEBUG 1968 --- [elex] [           main] o.s.b.f.s.DefaultListableBeanFactory     : Creating shared instance of singleton bean 'org.springframework.boot.autoconfigure.AutoConfigurationPackages'
2024-04-06T12:31:05.643+02:00 DEBUG 1968 --- [elex] [           main] o.s.b.a.AutoConfigurationPackages        : @EnableAutoConfiguration was declared on a class in the package 'com.soltel.elex'. Automatic @Repository and @Entity scanning is enabled.
2024-04-06T12:31:05.644+02:00 DEBUG 1968 --- [elex] [           main] .s.d.r.c.RepositoryConfigurationDelegate : Scanning for JPA repositories in packages com.soltel.elex.
2024-04-06T12:31:05.651+02:00 DEBUG 1968 --- [elex] [           main] o.s.d.r.c.RepositoryComponentProvider    : Identified candidate component class: file [f:\Elex\target\classes\com\soltel\elex\repositories\ActuacionRepository.class]
2024-04-06T12:31:05.651+02:00 DEBUG 1968 --- [elex] [           main] o.s.d.r.c.RepositoryComponentProvider    : Identified candidate component class: file [f:\Elex\target\classes\com\soltel\elex\repositories\DocumentoRepository.class]
2024-04-06T12:31:05.651+02:00 DEBUG 1968 --- [elex] [           main] o.s.d.r.c.RepositoryComponentProvider    : Identified candidate component class: file [f:\Elex\target\classes\com\soltel\elex\repositories\ExpedienteRepository.class]
2024-04-06T12:31:05.652+02:00 DEBUG 1968 --- [elex] [           main] o.s.d.r.c.RepositoryComponentProvider    : Identified candidate component class: file [f:\Elex\target\classes\com\soltel\elex\repositories\TiposExpedienteRepository.class]
2024-04-06T12:31:05.683+02:00  INFO 1968 --- [elex] [           main] .s.d.r.c.RepositoryConfigurationDelegate : Finished Spring Data repository scanning in 37 ms. Found 4 JPA repository interfaces.
2024-04-06T12:31:05.756+02:00 DEBUG 1968 --- [elex] [           main] o.s.b.f.s.DefaultListableBeanFactory     : Creating shared instance of singleton bean 'springSecurityHandlerMappingIntrospectorBeanDefinitionRegistryPostProcessor'
2024-04-06T12:31:05.847+02:00 DEBUG 1968 --- [elex] [           main] o.s.b.f.s.DefaultListableBeanFactory     : Creating shared instance of singleton bean 'propertySourcesPlaceholderConfigurer'
2024-04-06T12:31:05.851+02:00 DEBUG 1968 --- [elex] [           main] o.s.b.f.s.DefaultListableBeanFactory     : Creating shared instance of singleton bean 'org.springframework.boot.test.mock.mockito.MockitoPostProcessor'
2024-04-06T12:31:05.852+02:00 DEBUG 1968 --- [elex] [           main] o.s.b.f.s.DefaultListableBeanFactory     : Creating shared instance of singleton bean 'emBeanDefinitionRegistrarPostProcessor'
2024-04-06T12:31:05.852+02:00 DEBUG 1968 --- [elex] [           main] o.s.b.f.s.DefaultListableBeanFactory     : Creating shared instance of singleton bean 'org.springframework.boot.sql.init.dependency.DatabaseInitializationDependencyConfigurer$DependsOnDatabaseInitializationPostProcessor'
2024-04-06T12:31:05.897+02:00 DEBUG 1968 --- [elex] [           main] o.s.b.f.s.DefaultListableBeanFactory     : Creating shared instance of singleton bean 'org.springframework.context.event.internalEventListenerProcessor'
2024-04-06T12:31:05.898+02:00 DEBUG 1968 --- [elex] [           main] o.s.b.f.s.DefaultListableBeanFactory     : Creating shared instance of singleton bean 'conversionServicePostProcessor'
2024-04-06T12:31:05.906+02:00 DEBUG 1968 --- [elex] [           main] o.s.b.f.s.DefaultListableBeanFactory     : Creating shared instance of singleton bean 'preserveErrorControllerTargetClassPostProcessor'
2024-04-06T12:31:05.907+02:00 DEBUG 1968 --- [elex] [           main] o.s.b.f.s.DefaultListableBeanFactory     : Creating shared instance of singleton bean 'org.springframework.context.event.internalEventListenerFactory'
2024-04-06T12:31:05.907+02:00 DEBUG 1968 --- [elex] [           main] o.s.b.f.s.DefaultListableBeanFactory     : Creating shared instance of singleton bean 'org.springframework.transaction.config.internalTransactionalEventListenerFactory'
2024-04-06T12:31:05.910+02:00 DEBUG 1968 --- [elex] [           main] o.s.b.f.s.DefaultListableBeanFactory     : Creating shared instance of singleton bean 'org.springframework.boot.test.mock.mockito.MockitoPostProcessor$SpyPostProcessor'
2024-04-06T12:31:05.911+02:00 DEBUG 1968 --- [elex] [           main] o.s.b.f.s.DefaultListableBeanFactory     : Creating shared instance of singleton bean 'org.springframework.context.annotation.internalAutowiredAnnotationProcessor'
2024-04-06T12:31:05.912+02:00 DEBUG 1968 --- [elex] [           main] o.s.b.f.s.DefaultListableBeanFactory     : Creating shared instance of singleton bean 'org.springframework.context.annotation.internalCommonAnnotationProcessor'
2024-04-06T12:31:05.915+02:00 DEBUG 1968 --- [elex] [           main] o.s.b.f.s.DefaultListableBeanFactory     : Creating shared instance of singleton bean 'org.springframework.context.annotation.internalPersistenceAnnotationProcessor'
2024-04-06T12:31:05.915+02:00 DEBUG 1968 --- [elex] [           main] o.s.b.f.s.DefaultListableBeanFactory     : Creating shared instance of singleton bean 'org.springframework.boot.context.properties.ConfigurationPropertiesBindingPostProcessor'
2024-04-06T12:31:05.915+02:00 DEBUG 1968 --- [elex] [           main] o.s.b.f.s.DefaultListableBeanFactory     : Creating shared instance of singleton bean 'org.springframework.boot.context.internalConfigurationPropertiesBinder'
2024-04-06T12:31:05.919+02:00 DEBUG 1968 --- [elex] [           main] o.s.b.f.s.DefaultListableBeanFactory     : Creating shared instance of singleton bean 'jdbcConnectionDetailsHikariBeanPostProcessor'
2024-04-06T12:31:05.922+02:00 DEBUG 1968 --- [elex] [           main] o.s.b.f.s.DefaultListableBeanFactory     : Creating shared instance of singleton bean 'org.springframework.aop.config.internalAutoProxyCreator'
2024-04-06T12:31:05.941+02:00 DEBUG 1968 --- [elex] [           main] o.s.b.f.s.DefaultListableBeanFactory     : Creating shared instance of singleton bean 'persistenceExceptionTranslationPostProcessor'
2024-04-06T12:31:05.953+02:00 DEBUG 1968 --- [elex] [           main] o.s.b.f.s.DefaultListableBeanFactory     : Autowiring by type from bean name 'persistenceExceptionTranslationPostProcessor' via factory method to bean named 'environment'
2024-04-06T12:31:05.960+02:00 DEBUG 1968 --- [elex] [           main] o.s.b.f.s.DefaultListableBeanFactory     : Creating shared instance of singleton bean 'webServerFactoryCustomizerBeanPostProcessor'
2024-04-06T12:31:05.961+02:00 DEBUG 1968 --- [elex] [           main] o.s.b.f.s.DefaultListableBeanFactory     : Creating shared instance of singleton bean 'errorPageRegistrarBeanPostProcessor'
2024-04-06T12:31:05.961+02:00 DEBUG 1968 --- [elex] [           main] o.s.b.f.s.DefaultListableBeanFactory     : Creating shared instance of singleton bean 'projectingArgumentResolverBeanPostProcessor'
2024-04-06T12:31:05.962+02:00 DEBUG 1968 --- [elex] [           main] o.s.b.f.s.DefaultListableBeanFactory     : Creating shared instance of singleton bean 'org.springframework.transaction.config.internalTransactionAdvisor'
2024-04-06T12:31:05.963+02:00 DEBUG 1968 --- [elex] [           main] o.s.b.f.s.DefaultListableBeanFactory     : Creating shared instance of singleton bean 'org.springframework.transaction.annotation.ProxyTransactionManagementConfiguration'
2024-04-06T12:31:05.975+02:00 DEBUG 1968 --- [elex] [           main] o.s.b.f.s.DefaultListableBeanFactory     : Creating shared instance of singleton bean 'transactionAttributeSource'
2024-04-06T12:31:05.977+02:00 DEBUG 1968 --- [elex] [           main] o.s.b.f.s.DefaultListableBeanFactory     : Creating shared instance of singleton bean 'transactionInterceptor'
2024-04-06T12:31:05.977+02:00 DEBUG 1968 --- [elex] [           main] o.s.b.f.s.DefaultListableBeanFactory     : Autowiring by type from bean name 'transactionInterceptor' via factory method to bean named 'transactionAttributeSource'
2024-04-06T12:31:05.982+02:00 DEBUG 1968 --- [elex] [           main] o.s.b.f.s.DefaultListableBeanFactory     : Autowiring by type from bean name 'org.springframework.transaction.config.internalTransactionAdvisor' via factory method to bean named 'transactionAttributeSource'
2024-04-06T12:31:05.982+02:00 DEBUG 1968 --- [elex] [           main] o.s.b.f.s.DefaultListableBeanFactory     : Autowiring by type from bean name 'org.springframework.transaction.config.internalTransactionAdvisor' via factory method to bean named 'transactionInterceptor'
2024-04-06T12:31:05.998+02:00 DEBUG 1968 --- [elex] [           main] o.s.u.c.s.UiApplicationContextUtils      : Unable to locate ThemeSource with name 'themeSource': using default [org.springframework.ui.context.support.ResourceBundleThemeSource@4c19d42e]
2024-04-06T12:31:05.999+02:00 DEBUG 1968 --- [elex] [           main] o.s.b.f.s.DefaultListableBeanFactory     : Creating shared instance of singleton bean 'dataSourceScriptDatabaseInitializer'
2024-04-06T12:31:05.999+02:00 DEBUG 1968 --- [elex] [           main] o.s.b.f.s.DefaultListableBeanFactory     : Creating shared instance of singleton bean 'org.springframework.boot.autoconfigure.sql.init.DataSourceInitializationConfiguration'
2024-04-06T12:31:06.000+02:00 DEBUG 1968 --- [elex] [           main] o.s.b.f.s.DefaultListableBeanFactory     : Creating shared instance of singleton bean 'dataSource'
2024-04-06T12:31:06.000+02:00 DEBUG 1968 --- [elex] [           main] o.s.b.f.s.DefaultListableBeanFactory     : Creating shared instance of singleton bean 'org.springframework.boot.autoconfigure.jdbc.DataSourceConfiguration$Hikari'
2024-04-06T12:31:06.001+02:00 DEBUG 1968 --- [elex] [           main] o.s.b.f.s.DefaultListableBeanFactory     : Creating shared instance of singleton bean 'spring.datasource-org.springframework.boot.autoconfigure.jdbc.DataSourceProperties'
2024-04-06T12:31:06.002+02:00 DEBUG 1968 --- [elex] [           main] o.s.b.f.s.DefaultListableBeanFactory     : Creating shared instance of singleton bean 'org.springframework.boot.context.properties.BoundConfigurationProperties'
2024-04-06T12:31:06.023+02:00 DEBUG 1968 --- [elex] [           main] o.s.b.f.s.DefaultListableBeanFactory     : Creating shared instance of singleton bean 'jdbcConnectionDetails'
2024-04-06T12:31:06.023+02:00 DEBUG 1968 --- [elex] [           main] o.s.b.f.s.DefaultListableBeanFactory     : Creating shared instance of singleton bean 'org.springframework.boot.autoconfigure.jdbc.DataSourceAutoConfiguration$PooledDataSourceConfiguration'
2024-04-06T12:31:06.024+02:00 DEBUG 1968 --- [elex] [           main] o.s.b.f.s.DefaultListableBeanFactory     : Autowiring by type from bean name 'jdbcConnectionDetails' via factory method to bean named 'spring.datasource-org.springframework.boot.autoconfigure.jdbc.DataSourceProperties'
2024-04-06T12:31:06.025+02:00 DEBUG 1968 --- [elex] [           main] o.s.b.f.s.DefaultListableBeanFactory     : Autowiring by type from bean name 'dataSource' via factory method to bean named 'spring.datasource-org.springframework.boot.autoconfigure.jdbc.DataSourceProperties'
2024-04-06T12:31:06.025+02:00 DEBUG 1968 --- [elex] [           main] o.s.b.f.s.DefaultListableBeanFactory     : Autowiring by type from bean name 'dataSource' via factory method to bean named 'jdbcConnectionDetails'
2024-04-06T12:31:06.029+02:00 DEBUG 1968 --- [elex] [           main] com.zaxxer.hikari.HikariConfig           : Driver class com.mysql.cj.jdbc.Driver found in Thread context class loader jdk.internal.loader.ClassLoaders$AppClassLoader@73d16e93
2024-04-06T12:31:06.057+02:00 DEBUG 1968 --- [elex] [           main] o.s.b.f.s.DefaultListableBeanFactory     : Creating shared instance of singleton bean 'spring.sql.init-org.springframework.boot.autoconfigure.sql.init.SqlInitializationProperties'
2024-04-06T12:31:06.059+02:00 DEBUG 1968 --- [elex] [           main] o.s.b.f.s.DefaultListableBeanFactory     : Autowiring by type from bean name 'dataSourceScriptDatabaseInitializer' via factory method to bean named 'dataSource'
2024-04-06T12:31:06.060+02:00 DEBUG 1968 --- [elex] [           main] o.s.b.f.s.DefaultListableBeanFactory     : Autowiring by type from bean name 'dataSourceScriptDatabaseInitializer' via factory method to bean named 'spring.sql.init-org.springframework.boot.autoconfigure.sql.init.SqlInitializationProperties'
2024-04-06T12:31:06.067+02:00 DEBUG 1968 --- [elex] [           main] o.s.b.f.s.DefaultListableBeanFactory     : Creating shared instance of singleton bean 'entityManagerFactory'
2024-04-06T12:31:06.068+02:00 DEBUG 1968 --- [elex] [           main] o.s.b.f.s.DefaultListableBeanFactory     : Creating shared instance of singleton bean 'org.springframework.boot.autoconfigure.orm.jpa.HibernateJpaConfiguration'
2024-04-06T12:31:06.069+02:00 DEBUG 1968 --- [elex] [           main] o.s.b.f.s.DefaultListableBeanFactory     : Creating shared instance of singleton bean 'spring.jpa-org.springframework.boot.autoconfigure.orm.jpa.JpaProperties'
2024-04-06T12:31:06.072+02:00 DEBUG 1968 --- [elex] [           main] o.s.b.f.s.DefaultListableBeanFactory     : Creating shared instance of singleton bean 'spring.jpa.hibernate-org.springframework.boot.autoconfigure.orm.jpa.HibernateProperties'
2024-04-06T12:31:06.074+02:00 DEBUG 1968 --- [elex] [           main] o.s.b.f.s.DefaultListableBeanFactory     : Autowiring by type from bean name 'org.springframework.boot.autoconfigure.orm.jpa.HibernateJpaConfiguration' via constructor to bean named 'dataSource'
2024-04-06T12:31:06.074+02:00 DEBUG 1968 --- [elex] [           main] o.s.b.f.s.DefaultListableBeanFactory     : Autowiring by type from bean name 'org.springframework.boot.autoconfigure.orm.jpa.HibernateJpaConfiguration' via constructor to bean named 'spring.jpa-org.springframework.boot.autoconfigure.orm.jpa.JpaProperties'
2024-04-06T12:31:06.074+02:00 DEBUG 1968 --- [elex] [           main] o.s.b.f.s.DefaultListableBeanFactory     : Autowiring by type from bean name 'org.springframework.boot.autoconfigure.orm.jpa.HibernateJpaConfiguration' via constructor to bean named 'org.springframework.beans.factory.support.DefaultListableBeanFactory@4aeaadc1'
2024-04-06T12:31:06.074+02:00 DEBUG 1968 --- [elex] [           main] o.s.b.f.s.DefaultListableBeanFactory     : Autowiring by type from bean name 'org.springframework.boot.autoconfigure.orm.jpa.HibernateJpaConfiguration' via constructor to bean named 'spring.jpa.hibernate-org.springframework.boot.autoconfigure.orm.jpa.HibernateProperties'
2024-04-06T12:31:06.077+02:00 DEBUG 1968 --- [elex] [           main] o.s.b.f.s.DefaultListableBeanFactory     : Creating shared instance of singleton bean 'hikariPoolDataSourceMetadataProvider'
2024-04-06T12:31:06.078+02:00 DEBUG 1968 --- [elex] [           main] o.s.b.f.s.DefaultListableBeanFactory     : Creating shared instance of singleton bean 'org.springframework.boot.autoconfigure.jdbc.metadata.DataSourcePoolMetadataProvidersConfiguration$HikariPoolDataSourceMetadataProviderConfiguration'
2024-04-06T12:31:06.086+02:00 DEBUG 1968 --- [elex] [           main] o.s.b.f.s.DefaultListableBeanFactory     : Creating shared instance of singleton bean 'entityManagerFactoryBuilder'
2024-04-06T12:31:06.087+02:00 DEBUG 1968 --- [elex] [           main] o.s.b.f.s.DefaultListableBeanFactory     : Creating shared instance of singleton bean 'jpaVendorAdapter'
2024-04-06T12:31:06.110+02:00 DEBUG 1968 --- [elex] [           main] org.jboss.logging                        : Logging Provider: org.jboss.logging.Slf4jLoggerProvider found via system property
2024-04-06T12:31:06.118+02:00 DEBUG 1968 --- [elex] [           main] o.s.b.f.s.DefaultListableBeanFactory     : Autowiring by type from bean name 'entityManagerFactoryBuilder' via factory method to bean named 'jpaVendorAdapter'
2024-04-06T12:31:06.122+02:00 DEBUG 1968 --- [elex] [           main] o.s.b.f.s.DefaultListableBeanFactory     : Creating shared instance of singleton bean 'persistenceManagedTypes'
2024-04-06T12:31:06.123+02:00 DEBUG 1968 --- [elex] [           main] o.s.b.f.s.DefaultListableBeanFactory     : Autowiring by type from bean name 'persistenceManagedTypes' via factory method to bean named 'org.springframework.beans.factory.support.DefaultListableBeanFactory@4aeaadc1'
2024-04-06T12:31:06.123+02:00 DEBUG 1968 --- [elex] [           main] o.s.b.f.s.DefaultListableBeanFactory     : Autowiring by type from bean name 'persistenceManagedTypes' via factory method to bean named 'org.springframework.web.context.support.GenericWebApplicationContext@1a6f5124'
2024-04-06T12:31:06.134+02:00 DEBUG 1968 --- [elex] [           main] o.s.b.f.s.DefaultListableBeanFactory     : Autowiring by type from bean name 'entityManagerFactory' via factory method to bean named 'entityManagerFactoryBuilder'
2024-04-06T12:31:06.134+02:00 DEBUG 1968 --- [elex] [           main] o.s.b.f.s.DefaultListableBeanFactory     : Autowiring by type from bean name 'entityManagerFactory' via factory method to bean named 'persistenceManagedTypes'
2024-04-06T12:31:06.173+02:00 DEBUG 1968 --- [elex] [           main] j.LocalContainerEntityManagerFactoryBean : Building JPA container EntityManagerFactory for persistence unit 'default'
2024-04-06T12:31:06.281+02:00 DEBUG 1968 --- [elex] [           main] o.hibernate.jpa.internal.util.LogHelper  : PersistenceUnitInfo [
	name: default
	persistence provider classname: null
	classloader: jdk.internal.loader.ClassLoaders$AppClassLoader@73d16e93
	excludeUnlistedClasses: true
	JTA datasource: null
	Non JTA datasource: HikariDataSource (null)
	Transaction type: RESOURCE_LOCAL
	PU root URL: file:/f:/Elex/target/test-classes/
	Shared Cache Mode: UNSPECIFIED
	Validation Mode: AUTO
	Jar files URLs []
	Managed classes names [
		com.soltel.elex.models.Actuacion
		com.soltel.elex.models.Documento
		com.soltel.elex.models.Expediente
		com.soltel.elex.models.TiposExpedienteModel]
	Mapping files names []
	Properties []
2024-04-06T12:31:06.344+02:00 DEBUG 1968 --- [elex] [           main] o.h.i.internal.IntegratorServiceImpl     : Adding Integrator [org.hibernate.boot.beanvalidation.BeanValidationIntegrator].
2024-04-06T12:31:06.347+02:00 DEBUG 1968 --- [elex] [           main] o.h.i.internal.IntegratorServiceImpl     : Adding Integrator [org.hibernate.cache.internal.CollectionCacheInvalidator].
2024-04-06T12:31:06.424+02:00  INFO 1968 --- [elex] [           main] org.hibernate.Version                    : HHH000412: Hibernate ORM core version 6.4.4.Final
2024-04-06T12:31:06.426+02:00 DEBUG 1968 --- [elex] [           main] org.hibernate.cfg.Environment            : HHH000206: 'hibernate.properties' not found
2024-04-06T12:31:06.453+02:00 DEBUG 1968 --- [elex] [           main] org.hibernate.orm.idgen.factory          : Registering IdentifierGenerator strategy [uuid2] -> [org.hibernate.id.UUIDGenerator]
2024-04-06T12:31:06.454+02:00 DEBUG 1968 --- [elex] [           main] org.hibernate.orm.idgen.factory          : Registering IdentifierGenerator strategy [guid] -> [org.hibernate.id.GUIDGenerator]
2024-04-06T12:31:06.455+02:00 DEBUG 1968 --- [elex] [           main] org.hibernate.orm.idgen.factory          : Registering IdentifierGenerator strategy [uuid] -> [org.hibernate.id.UUIDHexGenerator]
2024-04-06T12:31:06.455+02:00 DEBUG 1968 --- [elex] [           main] org.hibernate.orm.idgen.factory          : Registering IdentifierGenerator strategy [uuid.hex] -> [org.hibernate.id.UUIDHexGenerator]
2024-04-06T12:31:06.456+02:00 DEBUG 1968 --- [elex] [           main] org.hibernate.orm.idgen.factory          : Registering IdentifierGenerator strategy [assigned] -> [org.hibernate.id.Assigned]
2024-04-06T12:31:06.457+02:00 DEBUG 1968 --- [elex] [           main] org.hibernate.orm.idgen.factory          : Registering IdentifierGenerator strategy [identity] -> [org.hibernate.id.IdentityGenerator]
2024-04-06T12:31:06.458+02:00 DEBUG 1968 --- [elex] [           main] org.hibernate.orm.idgen.factory          : Registering IdentifierGenerator strategy [select] -> [org.hibernate.id.SelectGenerator]
2024-04-06T12:31:06.459+02:00 DEBUG 1968 --- [elex] [           main] org.hibernate.orm.idgen.factory          : Registering IdentifierGenerator strategy [sequence] -> [org.hibernate.id.enhanced.SequenceStyleGenerator]
2024-04-06T12:31:06.459+02:00 DEBUG 1968 --- [elex] [           main] org.hibernate.orm.idgen.factory          : Registering IdentifierGenerator strategy [increment] -> [org.hibernate.id.IncrementGenerator]
2024-04-06T12:31:06.460+02:00 DEBUG 1968 --- [elex] [           main] org.hibernate.orm.idgen.factory          : Registering IdentifierGenerator strategy [foreign] -> [org.hibernate.id.ForeignGenerator]
2024-04-06T12:31:06.460+02:00 DEBUG 1968 --- [elex] [           main] org.hibernate.orm.idgen.factory          : Registering IdentifierGenerator strategy [enhanced-sequence] -> [org.hibernate.id.enhanced.SequenceStyleGenerator]
2024-04-06T12:31:06.461+02:00 DEBUG 1968 --- [elex] [           main] org.hibernate.orm.idgen.factory          : Registering IdentifierGenerator strategy [enhanced-table] -> [org.hibernate.id.enhanced.TableGenerator]
2024-04-06T12:31:06.472+02:00 DEBUG 1968 --- [elex] [           main] o.h.c.internal.RegionFactoryInitiator    : Cannot default RegionFactory based on registered strategies as `[]` RegionFactory strategies were registered
2024-04-06T12:31:06.473+02:00  INFO 1968 --- [elex] [           main] o.h.c.internal.RegionFactoryInitiator    : HHH000026: Second-level cache disabled
2024-04-06T12:31:06.599+02:00 DEBUG 1968 --- [elex] [           main] org.hibernate.type.BasicTypeRegistry     : Adding type registration boolean -> org.hibernate.type.BasicTypeReference@4fb64a52
2024-04-06T12:31:06.599+02:00 DEBUG 1968 --- [elex] [           main] org.hibernate.type.BasicTypeRegistry     : Adding type registration boolean -> org.hibernate.type.BasicTypeReference@4fb64a52
2024-04-06T12:31:06.599+02:00 DEBUG 1968 --- [elex] [           main] org.hibernate.type.BasicTypeRegistry     : Adding type registration java.lang.Boolean -> org.hibernate.type.BasicTypeReference@4fb64a52
2024-04-06T12:31:06.599+02:00 DEBUG 1968 --- [elex] [           main] org.hibernate.type.BasicTypeRegistry     : Adding type registration numeric_boolean -> org.hibernate.type.BasicTypeReference@70b48eb3
2024-04-06T12:31:06.600+02:00 DEBUG 1968 --- [elex] [           main] org.hibernate.type.BasicTypeRegistry     : Adding type registration org.hibernate.type.NumericBooleanConverter -> org.hibernate.type.BasicTypeReference@70b48eb3
2024-04-06T12:31:06.600+02:00 DEBUG 1968 --- [elex] [           main] org.hibernate.type.BasicTypeRegistry     : Adding type registration true_false -> org.hibernate.type.BasicTypeReference@7b8ea1db
2024-04-06T12:31:06.600+02:00 DEBUG 1968 --- [elex] [           main] org.hibernate.type.BasicTypeRegistry     : Adding type registration org.hibernate.type.TrueFalseConverter -> org.hibernate.type.BasicTypeReference@7b8ea1db
2024-04-06T12:31:06.600+02:00 DEBUG 1968 --- [elex] [           main] org.hibernate.type.BasicTypeRegistry     : Adding type registration yes_no -> org.hibernate.type.BasicTypeReference@a91119b
2024-04-06T12:31:06.600+02:00 DEBUG 1968 --- [elex] [           main] org.hibernate.type.BasicTypeRegistry     : Adding type registration org.hibernate.type.YesNoConverter -> org.hibernate.type.BasicTypeReference@a91119b
2024-04-06T12:31:06.600+02:00 DEBUG 1968 --- [elex] [           main] org.hibernate.type.BasicTypeRegistry     : Adding type registration byte -> org.hibernate.type.BasicTypeReference@77083e41
2024-04-06T12:31:06.600+02:00 DEBUG 1968 --- [elex] [           main] org.hibernate.type.BasicTypeRegistry     : Adding type registration byte -> org.hibernate.type.BasicTypeReference@77083e41
2024-04-06T12:31:06.600+02:00 DEBUG 1968 --- [elex] [           main] org.hibernate.type.BasicTypeRegistry     : Adding type registration java.lang.Byte -> org.hibernate.type.BasicTypeReference@77083e41
2024-04-06T12:31:06.600+02:00 DEBUG 1968 --- [elex] [           main] org.hibernate.type.BasicTypeRegistry     : Adding type registration binary -> org.hibernate.type.BasicTypeReference@231df705
2024-04-06T12:31:06.600+02:00 DEBUG 1968 --- [elex] [           main] org.hibernate.type.BasicTypeRegistry     : Adding type registration byte[] -> org.hibernate.type.BasicTypeReference@231df705
2024-04-06T12:31:06.600+02:00 DEBUG 1968 --- [elex] [           main] org.hibernate.type.BasicTypeRegistry     : Adding type registration [B -> org.hibernate.type.BasicTypeReference@231df705
2024-04-06T12:31:06.600+02:00 DEBUG 1968 --- [elex] [           main] org.hibernate.type.BasicTypeRegistry     : Adding type registration binary_wrapper -> org.hibernate.type.BasicTypeReference@2d130ac4
2024-04-06T12:31:06.600+02:00 DEBUG 1968 --- [elex] [           main] org.hibernate.type.BasicTypeRegistry     : Adding type registration wrapper-binary -> org.hibernate.type.BasicTypeReference@2d130ac4
2024-04-06T12:31:06.600+02:00 DEBUG 1968 --- [elex] [           main] org.hibernate.type.BasicTypeRegistry     : Adding type registration image -> org.hibernate.type.BasicTypeReference@2f0ccb34
2024-04-06T12:31:06.600+02:00 DEBUG 1968 --- [elex] [           main] org.hibernate.type.BasicTypeRegistry     : Adding type registration blob -> org.hibernate.type.BasicTypeReference@194012a2
2024-04-06T12:31:06.601+02:00 DEBUG 1968 --- [elex] [           main] org.hibernate.type.BasicTypeRegistry     : Adding type registration java.sql.Blob -> org.hibernate.type.BasicTypeReference@194012a2
2024-04-06T12:31:06.601+02:00 DEBUG 1968 --- [elex] [           main] org.hibernate.type.BasicTypeRegistry     : Adding type registration materialized_blob -> org.hibernate.type.BasicTypeReference@55296b50
2024-04-06T12:31:06.601+02:00 DEBUG 1968 --- [elex] [           main] org.hibernate.type.BasicTypeRegistry     : Adding type registration materialized_blob_wrapper -> org.hibernate.type.BasicTypeReference@60591e1b
2024-04-06T12:31:06.601+02:00 DEBUG 1968 --- [elex] [           main] org.hibernate.type.BasicTypeRegistry     : Adding type registration short -> org.hibernate.type.BasicTypeReference@29c53c4f
2024-04-06T12:31:06.601+02:00 DEBUG 1968 --- [elex] [           main] org.hibernate.type.BasicTypeRegistry     : Adding type registration short -> org.hibernate.type.BasicTypeReference@29c53c4f
2024-04-06T12:31:06.601+02:00 DEBUG 1968 --- [elex] [           main] org.hibernate.type.BasicTypeRegistry     : Adding type registration java.lang.Short -> org.hibernate.type.BasicTypeReference@29c53c4f
2024-04-06T12:31:06.601+02:00 DEBUG 1968 --- [elex] [           main] org.hibernate.type.BasicTypeRegistry     : Adding type registration integer -> org.hibernate.type.BasicTypeReference@3009eed7
2024-04-06T12:31:06.601+02:00 DEBUG 1968 --- [elex] [           main] org.hibernate.type.BasicTypeRegistry     : Adding type registration int -> org.hibernate.type.BasicTypeReference@3009eed7
2024-04-06T12:31:06.601+02:00 DEBUG 1968 --- [elex] [           main] org.hibernate.type.BasicTypeRegistry     : Adding type registration java.lang.Integer -> org.hibernate.type.BasicTypeReference@3009eed7
2024-04-06T12:31:06.601+02:00 DEBUG 1968 --- [elex] [           main] org.hibernate.type.BasicTypeRegistry     : Adding type registration long -> org.hibernate.type.BasicTypeReference@2ee4706d
2024-04-06T12:31:06.601+02:00 DEBUG 1968 --- [elex] [           main] org.hibernate.type.BasicTypeRegistry     : Adding type registration long -> org.hibernate.type.BasicTypeReference@2ee4706d
2024-04-06T12:31:06.601+02:00 DEBUG 1968 --- [elex] [           main] org.hibernate.type.BasicTypeRegistry     : Adding type registration java.lang.Long -> org.hibernate.type.BasicTypeReference@2ee4706d
2024-04-06T12:31:06.601+02:00 DEBUG 1968 --- [elex] [           main] org.hibernate.type.BasicTypeRegistry     : Adding type registration float -> org.hibernate.type.BasicTypeReference@6650a6c
2024-04-06T12:31:06.601+02:00 DEBUG 1968 --- [elex] [           main] org.hibernate.type.BasicTypeRegistry     : Adding type registration float -> org.hibernate.type.BasicTypeReference@6650a6c
2024-04-06T12:31:06.601+02:00 DEBUG 1968 --- [elex] [           main] org.hibernate.type.BasicTypeRegistry     : Adding type registration java.lang.Float -> org.hibernate.type.BasicTypeReference@6650a6c
2024-04-06T12:31:06.601+02:00 DEBUG 1968 --- [elex] [           main] org.hibernate.type.BasicTypeRegistry     : Adding type registration double -> org.hibernate.type.BasicTypeReference@64279ab
2024-04-06T12:31:06.601+02:00 DEBUG 1968 --- [elex] [           main] org.hibernate.type.BasicTypeRegistry     : Adding type registration double -> org.hibernate.type.BasicTypeReference@64279ab
2024-04-06T12:31:06.601+02:00 DEBUG 1968 --- [elex] [           main] org.hibernate.type.BasicTypeRegistry     : Adding type registration java.lang.Double -> org.hibernate.type.BasicTypeReference@64279ab
2024-04-06T12:31:06.601+02:00 DEBUG 1968 --- [elex] [           main] org.hibernate.type.BasicTypeRegistry     : Adding type registration big_integer -> org.hibernate.type.BasicTypeReference@794240e2
2024-04-06T12:31:06.602+02:00 DEBUG 1968 --- [elex] [           main] org.hibernate.type.BasicTypeRegistry     : Adding type registration java.math.BigInteger -> org.hibernate.type.BasicTypeReference@794240e2
2024-04-06T12:31:06.602+02:00 DEBUG 1968 --- [elex] [           main] org.hibernate.type.BasicTypeRegistry     : Adding type registration big_decimal -> org.hibernate.type.BasicTypeReference@74a820bf
2024-04-06T12:31:06.602+02:00 DEBUG 1968 --- [elex] [           main] org.hibernate.type.BasicTypeRegistry     : Adding type registration java.math.BigDecimal -> org.hibernate.type.BasicTypeReference@74a820bf
2024-04-06T12:31:06.602+02:00 DEBUG 1968 --- [elex] [           main] org.hibernate.type.BasicTypeRegistry     : Adding type registration character -> org.hibernate.type.BasicTypeReference@5a30722c
2024-04-06T12:31:06.602+02:00 DEBUG 1968 --- [elex] [           main] org.hibernate.type.BasicTypeRegistry     : Adding type registration char -> org.hibernate.type.BasicTypeReference@5a30722c
2024-04-06T12:31:06.602+02:00 DEBUG 1968 --- [elex] [           main] org.hibernate.type.BasicTypeRegistry     : Adding type registration java.lang.Character -> org.hibernate.type.BasicTypeReference@5a30722c
2024-04-06T12:31:06.602+02:00 DEBUG 1968 --- [elex] [           main] org.hibernate.type.BasicTypeRegistry     : Adding type registration character_nchar -> org.hibernate.type.BasicTypeReference@4f2ac7e0
2024-04-06T12:31:06.602+02:00 DEBUG 1968 --- [elex] [           main] org.hibernate.type.BasicTypeRegistry     : Adding type registration string -> org.hibernate.type.BasicTypeReference@2484dbb7
2024-04-06T12:31:06.602+02:00 DEBUG 1968 --- [elex] [           main] org.hibernate.type.BasicTypeRegistry     : Adding type registration java.lang.String -> org.hibernate.type.BasicTypeReference@2484dbb7
2024-04-06T12:31:06.602+02:00 DEBUG 1968 --- [elex] [           main] org.hibernate.type.BasicTypeRegistry     : Adding type registration nstring -> org.hibernate.type.BasicTypeReference@111cba40
2024-04-06T12:31:06.602+02:00 DEBUG 1968 --- [elex] [           main] org.hibernate.type.BasicTypeRegistry     : Adding type registration characters -> org.hibernate.type.BasicTypeReference@48e41b5d
2024-04-06T12:31:06.602+02:00 DEBUG 1968 --- [elex] [           main] org.hibernate.type.BasicTypeRegistry     : Adding type registration char[] -> org.hibernate.type.BasicTypeReference@48e41b5d
2024-04-06T12:31:06.602+02:00 DEBUG 1968 --- [elex] [           main] org.hibernate.type.BasicTypeRegistry     : Adding type registration [C -> org.hibernate.type.BasicTypeReference@48e41b5d
2024-04-06T12:31:06.602+02:00 DEBUG 1968 --- [elex] [           main] org.hibernate.type.BasicTypeRegistry     : Adding type registration wrapper-characters -> org.hibernate.type.BasicTypeReference@51e8d066
2024-04-06T12:31:06.602+02:00 DEBUG 1968 --- [elex] [           main] org.hibernate.type.BasicTypeRegistry     : Adding type registration text -> org.hibernate.type.BasicTypeReference@5333f08f
2024-04-06T12:31:06.602+02:00 DEBUG 1968 --- [elex] [           main] org.hibernate.type.BasicTypeRegistry     : Adding type registration ntext -> org.hibernate.type.BasicTypeReference@27898e13
2024-04-06T12:31:06.602+02:00 DEBUG 1968 --- [elex] [           main] org.hibernate.type.BasicTypeRegistry     : Adding type registration clob -> org.hibernate.type.BasicTypeReference@4f5f474c
2024-04-06T12:31:06.602+02:00 DEBUG 1968 --- [elex] [           main] org.hibernate.type.BasicTypeRegistry     : Adding type registration java.sql.Clob -> org.hibernate.type.BasicTypeReference@4f5f474c
2024-04-06T12:31:06.602+02:00 DEBUG 1968 --- [elex] [           main] org.hibernate.type.BasicTypeRegistry     : Adding type registration nclob -> org.hibernate.type.BasicTypeReference@58a3d521
2024-04-06T12:31:06.603+02:00 DEBUG 1968 --- [elex] [           main] org.hibernate.type.BasicTypeRegistry     : Adding type registration java.sql.NClob -> org.hibernate.type.BasicTypeReference@58a3d521
2024-04-06T12:31:06.603+02:00 DEBUG 1968 --- [elex] [           main] org.hibernate.type.BasicTypeRegistry     : Adding type registration materialized_clob -> org.hibernate.type.BasicTypeReference@14d8e132
2024-04-06T12:31:06.603+02:00 DEBUG 1968 --- [elex] [           main] org.hibernate.type.BasicTypeRegistry     : Adding type registration materialized_clob_char_array -> org.hibernate.type.BasicTypeReference@7f4a1cac
2024-04-06T12:31:06.603+02:00 DEBUG 1968 --- [elex] [           main] org.hibernate.type.BasicTypeRegistry     : Adding type registration materialized_clob_character_array -> org.hibernate.type.BasicTypeReference@4a1a412e
2024-04-06T12:31:06.603+02:00 DEBUG 1968 --- [elex] [           main] org.hibernate.type.BasicTypeRegistry     : Adding type registration materialized_nclob -> org.hibernate.type.BasicTypeReference@c568f91
2024-04-06T12:31:06.603+02:00 DEBUG 1968 --- [elex] [           main] org.hibernate.type.BasicTypeRegistry     : Adding type registration materialized_nclob_character_array -> org.hibernate.type.BasicTypeReference@5fd43e58
2024-04-06T12:31:06.603+02:00 DEBUG 1968 --- [elex] [           main] org.hibernate.type.BasicTypeRegistry     : Adding type registration materialized_nclob_char_array -> org.hibernate.type.BasicTypeReference@70d4f672
2024-04-06T12:31:06.603+02:00 DEBUG 1968 --- [elex] [           main] org.hibernate.type.BasicTypeRegistry     : Adding type registration Duration -> org.hibernate.type.BasicTypeReference@68dfda77
2024-04-06T12:31:06.603+02:00 DEBUG 1968 --- [elex] [           main] org.hibernate.type.BasicTypeRegistry     : Adding type registration java.time.Duration -> org.hibernate.type.BasicTypeReference@68dfda77
2024-04-06T12:31:06.603+02:00 DEBUG 1968 --- [elex] [           main] org.hibernate.type.BasicTypeRegistry     : Adding type registration LocalDateTime -> org.hibernate.type.BasicTypeReference@50cdfafa
2024-04-06T12:31:06.603+02:00 DEBUG 1968 --- [elex] [           main] org.hibernate.type.BasicTypeRegistry     : Adding type registration java.time.LocalDateTime -> org.hibernate.type.BasicTypeReference@50cdfafa
2024-04-06T12:31:06.603+02:00 DEBUG 1968 --- [elex] [           main] org.hibernate.type.BasicTypeRegistry     : Adding type registration LocalDate -> org.hibernate.type.BasicTypeReference@2e952845
2024-04-06T12:31:06.603+02:00 DEBUG 1968 --- [elex] [           main] org.hibernate.type.BasicTypeRegistry     : Adding type registration java.time.LocalDate -> org.hibernate.type.BasicTypeReference@2e952845
2024-04-06T12:31:06.603+02:00 DEBUG 1968 --- [elex] [           main] org.hibernate.type.BasicTypeRegistry     : Adding type registration LocalTime -> org.hibernate.type.BasicTypeReference@79252c83
2024-04-06T12:31:06.603+02:00 DEBUG 1968 --- [elex] [           main] org.hibernate.type.BasicTypeRegistry     : Adding type registration java.time.LocalTime -> org.hibernate.type.BasicTypeReference@79252c83
2024-04-06T12:31:06.603+02:00 DEBUG 1968 --- [elex] [           main] org.hibernate.type.BasicTypeRegistry     : Adding type registration OffsetDateTime -> org.hibernate.type.BasicTypeReference@6fbf5db2
2024-04-06T12:31:06.603+02:00 DEBUG 1968 --- [elex] [           main] org.hibernate.type.BasicTypeRegistry     : Adding type registration java.time.OffsetDateTime -> org.hibernate.type.BasicTypeReference@6fbf5db2
2024-04-06T12:31:06.604+02:00 DEBUG 1968 --- [elex] [           main] org.hibernate.type.BasicTypeRegistry     : Adding type registration OffsetDateTimeWithTimezone -> org.hibernate.type.BasicTypeReference@509a6095
2024-04-06T12:31:06.604+02:00 DEBUG 1968 --- [elex] [           main] org.hibernate.type.BasicTypeRegistry     : Adding type registration OffsetDateTimeWithoutTimezone -> org.hibernate.type.BasicTypeReference@57cabdc3
2024-04-06T12:31:06.604+02:00 DEBUG 1968 --- [elex] [           main] org.hibernate.type.BasicTypeRegistry     : Adding type registration OffsetTime -> org.hibernate.type.BasicTypeReference@75bd28d
2024-04-06T12:31:06.604+02:00 DEBUG 1968 --- [elex] [           main] org.hibernate.type.BasicTypeRegistry     : Adding type registration java.time.OffsetTime -> org.hibernate.type.BasicTypeReference@75bd28d
2024-04-06T12:31:06.604+02:00 DEBUG 1968 --- [elex] [           main] org.hibernate.type.BasicTypeRegistry     : Adding type registration OffsetTimeUtc -> org.hibernate.type.BasicTypeReference@129c4d19
2024-04-06T12:31:06.604+02:00 DEBUG 1968 --- [elex] [           main] org.hibernate.type.BasicTypeRegistry     : Adding type registration OffsetTimeWithTimezone -> org.hibernate.type.BasicTypeReference@11810917
2024-04-06T12:31:06.604+02:00 DEBUG 1968 --- [elex] [           main] org.hibernate.type.BasicTypeRegistry     : Adding type registration OffsetTimeWithoutTimezone -> org.hibernate.type.BasicTypeReference@13278a41
2024-04-06T12:31:06.604+02:00 DEBUG 1968 --- [elex] [           main] org.hibernate.type.BasicTypeRegistry     : Adding type registration ZonedDateTime -> org.hibernate.type.BasicTypeReference@4a31ed12
2024-04-06T12:31:06.604+02:00 DEBUG 1968 --- [elex] [           main] org.hibernate.type.BasicTypeRegistry     : Adding type registration java.time.ZonedDateTime -> org.hibernate.type.BasicTypeReference@4a31ed12
2024-04-06T12:31:06.604+02:00 DEBUG 1968 --- [elex] [           main] org.hibernate.type.BasicTypeRegistry     : Adding type registration ZonedDateTimeWithTimezone -> org.hibernate.type.BasicTypeReference@3ab595c8
2024-04-06T12:31:06.604+02:00 DEBUG 1968 --- [elex] [           main] org.hibernate.type.BasicTypeRegistry     : Adding type registration ZonedDateTimeWithoutTimezone -> org.hibernate.type.BasicTypeReference@2365ea38
2024-04-06T12:31:06.604+02:00 DEBUG 1968 --- [elex] [           main] org.hibernate.type.BasicTypeRegistry     : Adding type registration date -> org.hibernate.type.BasicTypeReference@cbf1997
2024-04-06T12:31:06.604+02:00 DEBUG 1968 --- [elex] [           main] org.hibernate.type.BasicTypeRegistry     : Adding type registration java.sql.Date -> org.hibernate.type.BasicTypeReference@cbf1997
2024-04-06T12:31:06.604+02:00 DEBUG 1968 --- [elex] [           main] org.hibernate.type.BasicTypeRegistry     : Adding type registration time -> org.hibernate.type.BasicTypeReference@49232c6f
2024-04-06T12:31:06.604+02:00 DEBUG 1968 --- [elex] [           main] org.hibernate.type.BasicTypeRegistry     : Adding type registration java.sql.Time -> org.hibernate.type.BasicTypeReference@49232c6f
2024-04-06T12:31:06.604+02:00 DEBUG 1968 --- [elex] [           main] org.hibernate.type.BasicTypeRegistry     : Adding type registration timestamp -> org.hibernate.type.BasicTypeReference@5faeeb56
2024-04-06T12:31:06.604+02:00 DEBUG 1968 --- [elex] [           main] org.hibernate.type.BasicTypeRegistry     : Adding type registration java.sql.Timestamp -> org.hibernate.type.BasicTypeReference@5faeeb56
2024-04-06T12:31:06.605+02:00 DEBUG 1968 --- [elex] [           main] org.hibernate.type.BasicTypeRegistry     : Adding type registration java.util.Date -> org.hibernate.type.BasicTypeReference@5faeeb56
2024-04-06T12:31:06.605+02:00 DEBUG 1968 --- [elex] [           main] org.hibernate.type.BasicTypeRegistry     : Adding type registration calendar -> org.hibernate.type.BasicTypeReference@5396eeb1
2024-04-06T12:31:06.605+02:00 DEBUG 1968 --- [elex] [           main] org.hibernate.type.BasicTypeRegistry     : Adding type registration java.util.Calendar -> org.hibernate.type.BasicTypeReference@5396eeb1
2024-04-06T12:31:06.605+02:00 DEBUG 1968 --- [elex] [           main] org.hibernate.type.BasicTypeRegistry     : Adding type registration java.util.GregorianCalendar -> org.hibernate.type.BasicTypeReference@5396eeb1
2024-04-06T12:31:06.605+02:00 DEBUG 1968 --- [elex] [           main] org.hibernate.type.BasicTypeRegistry     : Adding type registration calendar_date -> org.hibernate.type.BasicTypeReference@279126f5
2024-04-06T12:31:06.605+02:00 DEBUG 1968 --- [elex] [           main] org.hibernate.type.BasicTypeRegistry     : Adding type registration calendar_time -> org.hibernate.type.BasicTypeReference@7781263c
2024-04-06T12:31:06.605+02:00 DEBUG 1968 --- [elex] [           main] org.hibernate.type.BasicTypeRegistry     : Adding type registration instant -> org.hibernate.type.BasicTypeReference@5fdd97c1
2024-04-06T12:31:06.605+02:00 DEBUG 1968 --- [elex] [           main] org.hibernate.type.BasicTypeRegistry     : Adding type registration java.time.Instant -> org.hibernate.type.BasicTypeReference@5fdd97c1
2024-04-06T12:31:06.605+02:00 DEBUG 1968 --- [elex] [           main] org.hibernate.type.BasicTypeRegistry     : Adding type registration uuid -> org.hibernate.type.BasicTypeReference@3b5a19ed
2024-04-06T12:31:06.605+02:00 DEBUG 1968 --- [elex] [           main] org.hibernate.type.BasicTypeRegistry     : Adding type registration java.util.UUID -> org.hibernate.type.BasicTypeReference@3b5a19ed
2024-04-06T12:31:06.605+02:00 DEBUG 1968 --- [elex] [           main] org.hibernate.type.BasicTypeRegistry     : Adding type registration pg-uuid -> org.hibernate.type.BasicTypeReference@3b5a19ed
2024-04-06T12:31:06.605+02:00 DEBUG 1968 --- [elex] [           main] org.hibernate.type.BasicTypeRegistry     : Adding type registration uuid-binary -> org.hibernate.type.BasicTypeReference@15d236fd
2024-04-06T12:31:06.606+02:00 DEBUG 1968 --- [elex] [           main] org.hibernate.type.BasicTypeRegistry     : Adding type registration uuid-char -> org.hibernate.type.BasicTypeReference@6b9c42bd
2024-04-06T12:31:06.606+02:00 DEBUG 1968 --- [elex] [           main] org.hibernate.type.BasicTypeRegistry     : Adding type registration class -> org.hibernate.type.BasicTypeReference@584ca390
2024-04-06T12:31:06.606+02:00 DEBUG 1968 --- [elex] [           main] org.hibernate.type.BasicTypeRegistry     : Adding type registration java.lang.Class -> org.hibernate.type.BasicTypeReference@584ca390
2024-04-06T12:31:06.606+02:00 DEBUG 1968 --- [elex] [           main] org.hibernate.type.BasicTypeRegistry     : Adding type registration currency -> org.hibernate.type.BasicTypeReference@33324c05
2024-04-06T12:31:06.606+02:00 DEBUG 1968 --- [elex] [           main] org.hibernate.type.BasicTypeRegistry     : Adding type registration Currency -> org.hibernate.type.BasicTypeReference@33324c05
2024-04-06T12:31:06.606+02:00 DEBUG 1968 --- [elex] [           main] org.hibernate.type.BasicTypeRegistry     : Adding type registration java.util.Currency -> org.hibernate.type.BasicTypeReference@33324c05
2024-04-06T12:31:06.606+02:00 DEBUG 1968 --- [elex] [           main] org.hibernate.type.BasicTypeRegistry     : Adding type registration locale -> org.hibernate.type.BasicTypeReference@37d3e140
2024-04-06T12:31:06.606+02:00 DEBUG 1968 --- [elex] [           main] org.hibernate.type.BasicTypeRegistry     : Adding type registration java.util.Locale -> org.hibernate.type.BasicTypeReference@37d3e140
2024-04-06T12:31:06.606+02:00 DEBUG 1968 --- [elex] [           main] org.hibernate.type.BasicTypeRegistry     : Adding type registration serializable -> org.hibernate.type.BasicTypeReference@3e53c4ad
2024-04-06T12:31:06.606+02:00 DEBUG 1968 --- [elex] [           main] org.hibernate.type.BasicTypeRegistry     : Adding type registration java.io.Serializable -> org.hibernate.type.BasicTypeReference@3e53c4ad
2024-04-06T12:31:06.606+02:00 DEBUG 1968 --- [elex] [           main] org.hibernate.type.BasicTypeRegistry     : Adding type registration timezone -> org.hibernate.type.BasicTypeReference@33eb0d4
2024-04-06T12:31:06.606+02:00 DEBUG 1968 --- [elex] [           main] org.hibernate.type.BasicTypeRegistry     : Adding type registration java.util.TimeZone -> org.hibernate.type.BasicTypeReference@33eb0d4
2024-04-06T12:31:06.606+02:00 DEBUG 1968 --- [elex] [           main] org.hibernate.type.BasicTypeRegistry     : Adding type registration ZoneOffset -> org.hibernate.type.BasicTypeReference@224d86d2
2024-04-06T12:31:06.606+02:00 DEBUG 1968 --- [elex] [           main] org.hibernate.type.BasicTypeRegistry     : Adding type registration java.time.ZoneOffset -> org.hibernate.type.BasicTypeReference@224d86d2
2024-04-06T12:31:06.606+02:00 DEBUG 1968 --- [elex] [           main] org.hibernate.type.BasicTypeRegistry     : Adding type registration url -> org.hibernate.type.BasicTypeReference@a3cba3a
2024-04-06T12:31:06.606+02:00 DEBUG 1968 --- [elex] [           main] org.hibernate.type.BasicTypeRegistry     : Adding type registration java.net.URL -> org.hibernate.type.BasicTypeReference@a3cba3a
2024-04-06T12:31:06.606+02:00 DEBUG 1968 --- [elex] [           main] org.hibernate.type.BasicTypeRegistry     : Adding type registration vector -> org.hibernate.type.BasicTypeReference@2aea717c
2024-04-06T12:31:06.606+02:00 DEBUG 1968 --- [elex] [           main] org.hibernate.type.BasicTypeRegistry     : Adding type registration row_version -> org.hibernate.type.BasicTypeReference@5ca4dce5
2024-04-06T12:31:06.610+02:00 DEBUG 1968 --- [elex] [           main] org.hibernate.type.BasicTypeRegistry     : Adding type registration object -> org.hibernate.type.JavaObjectType@454bcbbf
2024-04-06T12:31:06.611+02:00 DEBUG 1968 --- [elex] [           main] org.hibernate.type.BasicTypeRegistry     : Adding type registration java.lang.Object -> org.hibernate.type.JavaObjectType@454bcbbf
2024-04-06T12:31:06.612+02:00 DEBUG 1968 --- [elex] [           main] org.hibernate.type.BasicTypeRegistry     : Adding type registration null -> org.hibernate.type.NullType@21274afe
2024-04-06T12:31:06.612+02:00 DEBUG 1968 --- [elex] [           main] org.hibernate.type.BasicTypeRegistry     : Adding type registration imm_date -> org.hibernate.type.BasicTypeReference@76a362a4
2024-04-06T12:31:06.612+02:00 DEBUG 1968 --- [elex] [           main] org.hibernate.type.BasicTypeRegistry     : Adding type registration imm_time -> org.hibernate.type.BasicTypeReference@61da0413
2024-04-06T12:31:06.612+02:00 DEBUG 1968 --- [elex] [           main] org.hibernate.type.BasicTypeRegistry     : Adding type registration imm_timestamp -> org.hibernate.type.BasicTypeReference@5627cb29
2024-04-06T12:31:06.612+02:00 DEBUG 1968 --- [elex] [           main] org.hibernate.type.BasicTypeRegistry     : Adding type registration imm_calendar -> org.hibernate.type.BasicTypeReference@4d4c1ba9
2024-04-06T12:31:06.612+02:00 DEBUG 1968 --- [elex] [           main] org.hibernate.type.BasicTypeRegistry     : Adding type registration imm_calendar_date -> org.hibernate.type.BasicTypeReference@2017f6e6
2024-04-06T12:31:06.612+02:00 DEBUG 1968 --- [elex] [           main] org.hibernate.type.BasicTypeRegistry     : Adding type registration imm_calendar_time -> org.hibernate.type.BasicTypeReference@115c946b
2024-04-06T12:31:06.612+02:00 DEBUG 1968 --- [elex] [           main] org.hibernate.type.BasicTypeRegistry     : Adding type registration imm_binary -> org.hibernate.type.BasicTypeReference@79ca7bea
2024-04-06T12:31:06.612+02:00 DEBUG 1968 --- [elex] [           main] org.hibernate.type.BasicTypeRegistry     : Adding type registration imm_serializable -> org.hibernate.type.BasicTypeReference@54f6b629
2024-04-06T12:31:06.617+02:00 DEBUG 1968 --- [elex] [           main] o.h.boot.internal.BootstrapContextImpl   : Injecting JPA temp ClassLoader [org.springframework.instrument.classloading.SimpleThrowawayClassLoader@d25e878] into BootstrapContext; was [null]
2024-04-06T12:31:06.617+02:00 DEBUG 1968 --- [elex] [           main] o.h.boot.internal.ClassLoaderAccessImpl  : ClassLoaderAccessImpl#injectTempClassLoader(org.springframework.instrument.classloading.SimpleThrowawayClassLoader@d25e878) [was null]
2024-04-06T12:31:06.618+02:00 DEBUG 1968 --- [elex] [           main] o.h.boot.internal.BootstrapContextImpl   : Injecting ScanEnvironment [org.hibernate.jpa.boot.internal.StandardJpaScanEnvironmentImpl@578c3fd9] into BootstrapContext; was [null]
2024-04-06T12:31:06.618+02:00 DEBUG 1968 --- [elex] [           main] o.h.boot.internal.BootstrapContextImpl   : Injecting ScanOptions [org.hibernate.boot.archive.scan.internal.StandardScanOptions@245cb8df] into BootstrapContext; was [org.hibernate.boot.archive.scan.internal.StandardScanOptions@26b3c9a2]
2024-04-06T12:31:06.826+02:00  INFO 1968 --- [elex] [           main] o.s.o.j.p.SpringPersistenceUnitInfo      : No LoadTimeWeaver setup: ignoring JPA class transformer
2024-04-06T12:31:06.826+02:00 DEBUG 1968 --- [elex] [           main] o.h.boot.internal.BootstrapContextImpl   : Injecting JPA temp ClassLoader [null] into BootstrapContext; was [org.springframework.instrument.classloading.SimpleThrowawayClassLoader@d25e878]
2024-04-06T12:31:06.826+02:00 DEBUG 1968 --- [elex] [           main] o.h.boot.internal.ClassLoaderAccessImpl  : ClassLoaderAccessImpl#injectTempClassLoader(null) [was org.springframework.instrument.classloading.SimpleThrowawayClassLoader@d25e878]
2024-04-06T12:31:06.859+02:00 DEBUG 1968 --- [elex] [           main] com.zaxxer.hikari.HikariConfig           : HikariPool-1 - configuration:
2024-04-06T12:31:06.863+02:00 DEBUG 1968 --- [elex] [           main] com.zaxxer.hikari.HikariConfig           : allowPoolSuspension.............false
2024-04-06T12:31:06.863+02:00 DEBUG 1968 --- [elex] [           main] com.zaxxer.hikari.HikariConfig           : autoCommit......................true
2024-04-06T12:31:06.863+02:00 DEBUG 1968 --- [elex] [           main] com.zaxxer.hikari.HikariConfig           : catalog.........................none
2024-04-06T12:31:06.863+02:00 DEBUG 1968 --- [elex] [           main] com.zaxxer.hikari.HikariConfig           : connectionInitSql...............none
2024-04-06T12:31:06.864+02:00 DEBUG 1968 --- [elex] [           main] com.zaxxer.hikari.HikariConfig           : connectionTestQuery.............none
2024-04-06T12:31:06.864+02:00 DEBUG 1968 --- [elex] [           main] com.zaxxer.hikari.HikariConfig           : connectionTimeout...............30000
2024-04-06T12:31:06.864+02:00 DEBUG 1968 --- [elex] [           main] com.zaxxer.hikari.HikariConfig           : dataSource......................none
2024-04-06T12:31:06.864+02:00 DEBUG 1968 --- [elex] [           main] com.zaxxer.hikari.HikariConfig           : dataSourceClassName.............none
2024-04-06T12:31:06.864+02:00 DEBUG 1968 --- [elex] [           main] com.zaxxer.hikari.HikariConfig           : dataSourceJNDI..................none
2024-04-06T12:31:06.865+02:00 DEBUG 1968 --- [elex] [           main] com.zaxxer.hikari.HikariConfig           : dataSourceProperties............{password=<masked>}
2024-04-06T12:31:06.865+02:00 DEBUG 1968 --- [elex] [           main] com.zaxxer.hikari.HikariConfig           : driverClassName................."com.mysql.cj.jdbc.Driver"
2024-04-06T12:31:06.865+02:00 DEBUG 1968 --- [elex] [           main] com.zaxxer.hikari.HikariConfig           : exceptionOverrideClassName......none
2024-04-06T12:31:06.865+02:00 DEBUG 1968 --- [elex] [           main] com.zaxxer.hikari.HikariConfig           : healthCheckProperties...........{}
2024-04-06T12:31:06.865+02:00 DEBUG 1968 --- [elex] [           main] com.zaxxer.hikari.HikariConfig           : healthCheckRegistry.............none
2024-04-06T12:31:06.865+02:00 DEBUG 1968 --- [elex] [           main] com.zaxxer.hikari.HikariConfig           : idleTimeout.....................600000
2024-04-06T12:31:06.865+02:00 DEBUG 1968 --- [elex] [           main] com.zaxxer.hikari.HikariConfig           : initializationFailTimeout.......1
2024-04-06T12:31:06.865+02:00 DEBUG 1968 --- [elex] [           main] com.zaxxer.hikari.HikariConfig           : isolateInternalQueries..........false
2024-04-06T12:31:06.865+02:00 DEBUG 1968 --- [elex] [           main] com.zaxxer.hikari.HikariConfig           : jdbcUrl.........................jdbc:mysql://localhost:3306/elex?useSSL=false&allowPublicKeyRetrieval=true&serverTimezone=Europe/Madrid
2024-04-06T12:31:06.865+02:00 DEBUG 1968 --- [elex] [           main] com.zaxxer.hikari.HikariConfig           : keepaliveTime...................0
2024-04-06T12:31:06.865+02:00 DEBUG 1968 --- [elex] [           main] com.zaxxer.hikari.HikariConfig           : leakDetectionThreshold..........0
2024-04-06T12:31:06.866+02:00 DEBUG 1968 --- [elex] [           main] com.zaxxer.hikari.HikariConfig           : maxLifetime.....................1800000
2024-04-06T12:31:06.866+02:00 DEBUG 1968 --- [elex] [           main] com.zaxxer.hikari.HikariConfig           : maximumPoolSize.................10
2024-04-06T12:31:06.866+02:00 DEBUG 1968 --- [elex] [           main] com.zaxxer.hikari.HikariConfig           : metricRegistry..................none
2024-04-06T12:31:06.866+02:00 DEBUG 1968 --- [elex] [           main] com.zaxxer.hikari.HikariConfig           : metricsTrackerFactory...........none
2024-04-06T12:31:06.866+02:00 DEBUG 1968 --- [elex] [           main] com.zaxxer.hikari.HikariConfig           : minimumIdle.....................10
2024-04-06T12:31:06.866+02:00 DEBUG 1968 --- [elex] [           main] com.zaxxer.hikari.HikariConfig           : password........................<masked>
2024-04-06T12:31:06.866+02:00 DEBUG 1968 --- [elex] [           main] com.zaxxer.hikari.HikariConfig           : poolName........................"HikariPool-1"
2024-04-06T12:31:06.866+02:00 DEBUG 1968 --- [elex] [           main] com.zaxxer.hikari.HikariConfig           : readOnly........................false
2024-04-06T12:31:06.866+02:00 DEBUG 1968 --- [elex] [           main] com.zaxxer.hikari.HikariConfig           : registerMbeans..................false
2024-04-06T12:31:06.866+02:00 DEBUG 1968 --- [elex] [           main] com.zaxxer.hikari.HikariConfig           : scheduledExecutor...............none
2024-04-06T12:31:06.866+02:00 DEBUG 1968 --- [elex] [           main] com.zaxxer.hikari.HikariConfig           : schema..........................none
2024-04-06T12:31:06.866+02:00 DEBUG 1968 --- [elex] [           main] com.zaxxer.hikari.HikariConfig           : threadFactory...................internal
2024-04-06T12:31:06.866+02:00 DEBUG 1968 --- [elex] [           main] com.zaxxer.hikari.HikariConfig           : transactionIsolation............default
2024-04-06T12:31:06.866+02:00 DEBUG 1968 --- [elex] [           main] com.zaxxer.hikari.HikariConfig           : username........................"root"
2024-04-06T12:31:06.866+02:00 DEBUG 1968 --- [elex] [           main] com.zaxxer.hikari.HikariConfig           : validationTimeout...............5000
2024-04-06T12:31:06.866+02:00  INFO 1968 --- [elex] [           main] com.zaxxer.hikari.HikariDataSource       : HikariPool-1 - Starting...
2024-04-06T12:31:07.058+02:00  INFO 1968 --- [elex] [           main] com.zaxxer.hikari.pool.HikariPool        : HikariPool-1 - Added connection com.mysql.cj.jdbc.ConnectionImpl@135e49b2
2024-04-06T12:31:07.061+02:00  INFO 1968 --- [elex] [           main] com.zaxxer.hikari.HikariDataSource       : HikariPool-1 - Start completed.
2024-04-06T12:31:07.064+02:00 DEBUG 1968 --- [elex] [           main] o.h.e.j.e.i.JdbcEnvironmentInitiator     : Database ->
       name : MySQL
    version : 5.5.5-10.4.32-MariaDB
      major : 5
      minor : 5
2024-04-06T12:31:07.064+02:00 DEBUG 1968 --- [elex] [           main] o.h.e.j.e.i.JdbcEnvironmentInitiator     : Driver ->
       name : MySQL Connector/J
    version : mysql-connector-j-8.3.0 (Revision: 805f872a57875f311cb82487efcfb070411a3fa0)
      major : 8
      minor : 3
2024-04-06T12:31:07.064+02:00 DEBUG 1968 --- [elex] [           main] o.h.e.j.e.i.JdbcEnvironmentInitiator     : JDBC version : 4.2
2024-04-06T12:31:07.108+02:00  WARN 1968 --- [elex] [           main] org.hibernate.dialect.Dialect            : HHH000511: The 5.5.0 version for [org.hibernate.dialect.MySQLDialect] is no longer supported, hence certain features may not work properly. The minimum supported version is 8.0.0. Check the community dialects project for available legacy versions.
2024-04-06T12:31:07.111+02:00 DEBUG 1968 --- [elex] [           main] org.hibernate.orm.dialect                : HHH035001: Using dialect: org.hibernate.dialect.MySQLDialect, version: 5.5
2024-04-06T12:31:07.116+02:00 DEBUG 1968 --- [elex] [           main] o.h.e.j.env.spi.IdentifierHelperBuilder  : JDBC driver metadata reported database stores quoted identifiers in more than one case
2024-04-06T12:31:07.117+02:00 DEBUG 1968 --- [elex] [           main] o.h.e.j.env.spi.IdentifierHelperBuilder  : IdentifierCaseStrategy for both quoted and unquoted identifiers was set to the same strategy [LOWER]; that will likely lead to problems in schema update and validation if using quoted identifiers
2024-04-06T12:31:07.136+02:00 DEBUG 1968 --- [elex] [           main] o.h.t.d.sql.spi.DdlTypeRegistry          : addDescriptor(12, org.hibernate.type.descriptor.sql.internal.CapacityDependentDdlType@1bbb42b4) replaced previous registration(org.hibernate.type.descriptor.sql.internal.CapacityDependentDdlType@3f9f8d23)
2024-04-06T12:31:07.136+02:00 DEBUG 1968 --- [elex] [           main] o.h.t.d.sql.spi.DdlTypeRegistry          : addDescriptor(-9, org.hibernate.type.descriptor.sql.internal.CapacityDependentDdlType@603d25db) replaced previous registration(org.hibernate.type.descriptor.sql.internal.CapacityDependentDdlType@95cecc5)
2024-04-06T12:31:07.136+02:00 DEBUG 1968 --- [elex] [           main] o.h.t.d.sql.spi.DdlTypeRegistry          : addDescriptor(-3, org.hibernate.type.descriptor.sql.internal.CapacityDependentDdlType@48b3b1b8) replaced previous registration(org.hibernate.type.descriptor.sql.internal.CapacityDependentDdlType@b86cb18)
2024-04-06T12:31:07.136+02:00 DEBUG 1968 --- [elex] [           main] o.h.t.d.sql.spi.DdlTypeRegistry          : addDescriptor(4003, org.hibernate.type.descriptor.sql.internal.DdlTypeImpl@29c244e) replaced previous registration(org.hibernate.type.descriptor.sql.internal.DdlTypeImpl@6cc8da1c)
2024-04-06T12:31:07.136+02:00 DEBUG 1968 --- [elex] [           main] o.h.t.d.sql.spi.DdlTypeRegistry          : addDescriptor(4001, org.hibernate.type.descriptor.sql.internal.DdlTypeImpl@39a3984c) replaced previous registration(org.hibernate.type.descriptor.sql.internal.DdlTypeImpl@4404a6b)
2024-04-06T12:31:07.136+02:00 DEBUG 1968 --- [elex] [           main] o.h.t.d.sql.spi.DdlTypeRegistry          : addDescriptor(4002, org.hibernate.type.descriptor.sql.internal.DdlTypeImpl@671da0f9) replaced previous registration(org.hibernate.type.descriptor.sql.internal.DdlTypeImpl@4d2f9e3c)
2024-04-06T12:31:07.136+02:00 DEBUG 1968 --- [elex] [           main] o.h.t.d.sql.spi.DdlTypeRegistry          : addDescriptor(2004, org.hibernate.type.descriptor.sql.internal.CapacityDependentDdlType@686b1e2d) replaced previous registration(org.hibernate.type.descriptor.sql.internal.DdlTypeImpl@6e7e0259)
2024-04-06T12:31:07.136+02:00 DEBUG 1968 --- [elex] [           main] o.h.t.d.sql.spi.DdlTypeRegistry          : addDescriptor(2005, org.hibernate.type.descriptor.sql.internal.CapacityDependentDdlType@646e6d07) replaced previous registration(org.hibernate.type.descriptor.sql.internal.DdlTypeImpl@5501d1c8)
2024-04-06T12:31:07.136+02:00 DEBUG 1968 --- [elex] [           main] o.h.t.d.sql.spi.DdlTypeRegistry          : addDescriptor(2011, org.hibernate.type.descriptor.sql.internal.CapacityDependentDdlType@652b3733) replaced previous registration(org.hibernate.type.descriptor.sql.internal.DdlTypeImpl@7b598d05)
2024-04-06T12:31:07.138+02:00 DEBUG 1968 --- [elex] [           main] o.h.t.d.jdbc.spi.JdbcTypeRegistry        : addDescriptor(NCharTypeDescriptor) replaced previous registration(CharTypeDescriptor)
2024-04-06T12:31:07.138+02:00 DEBUG 1968 --- [elex] [           main] o.h.t.d.jdbc.spi.JdbcTypeRegistry        : addDescriptor(NVarcharTypeDescriptor) replaced previous registration(VarcharTypeDescriptor)
2024-04-06T12:31:07.138+02:00 DEBUG 1968 --- [elex] [           main] o.h.t.d.jdbc.spi.JdbcTypeRegistry        : addDescriptor(LongNVarcharTypeDescriptor) replaced previous registration(LongVarcharTypeDescriptor)
2024-04-06T12:31:07.140+02:00 DEBUG 1968 --- [elex] [           main] o.h.t.d.jdbc.spi.JdbcTypeRegistry        : addDescriptor(NClobTypeDescriptor(DEFAULT)) replaced previous registration(ClobTypeDescriptor(DEFAULT))
2024-04-06T12:31:07.140+02:00 DEBUG 1968 --- [elex] [           main] o.h.t.d.jdbc.spi.JdbcTypeRegistry        : addDescriptor(2005, ClobTypeDescriptor(STREAM_BINDING)) replaced previous registration(ClobTypeDescriptor(DEFAULT))
2024-04-06T12:31:07.143+02:00 DEBUG 1968 --- [elex] [           main] org.hibernate.type.BasicTypeRegistry     : Adding type registration null -> org.hibernate.type.NullType@3386ed8
2024-04-06T12:31:07.143+02:00 DEBUG 1968 --- [elex] [           main] org.hibernate.type.BasicTypeRegistry     : Type registration key [null] overrode previous entry : `org.hibernate.type.NullType@21274afe`
2024-04-06T12:31:07.146+02:00 DEBUG 1968 --- [elex] [           main] org.hibernate.type.BasicTypeRegistry     : Adding type registration org.hibernate.type.DurationType -> basicType@1(java.time.Duration,3015)
2024-04-06T12:31:07.147+02:00 DEBUG 1968 --- [elex] [           main] org.hibernate.type.BasicTypeRegistry     : Adding type registration Duration -> basicType@1(java.time.Duration,3015)
2024-04-06T12:31:07.147+02:00 DEBUG 1968 --- [elex] [           main] org.hibernate.type.BasicTypeRegistry     : Adding type registration java.time.Duration -> basicType@1(java.time.Duration,3015)
2024-04-06T12:31:07.150+02:00 DEBUG 1968 --- [elex] [           main] org.hibernate.type.BasicTypeRegistry     : Adding type registration org.hibernate.type.OffsetDateTimeType -> basicType@2(java.time.OffsetDateTime,3003)
2024-04-06T12:31:07.150+02:00 DEBUG 1968 --- [elex] [           main] org.hibernate.type.BasicTypeRegistry     : Adding type registration OffsetDateTime -> basicType@2(java.time.OffsetDateTime,3003)
2024-04-06T12:31:07.150+02:00 DEBUG 1968 --- [elex] [           main] org.hibernate.type.BasicTypeRegistry     : Adding type registration java.time.OffsetDateTime -> basicType@2(java.time.OffsetDateTime,3003)
2024-04-06T12:31:07.150+02:00 DEBUG 1968 --- [elex] [           main] org.hibernate.type.BasicTypeRegistry     : Adding type registration org.hibernate.type.ZonedDateTimeType -> basicType@3(java.time.ZonedDateTime,3003)
2024-04-06T12:31:07.150+02:00 DEBUG 1968 --- [elex] [           main] org.hibernate.type.BasicTypeRegistry     : Adding type registration ZonedDateTime -> basicType@3(java.time.ZonedDateTime,3003)
2024-04-06T12:31:07.150+02:00 DEBUG 1968 --- [elex] [           main] org.hibernate.type.BasicTypeRegistry     : Adding type registration java.time.ZonedDateTime -> basicType@3(java.time.ZonedDateTime,3003)
2024-04-06T12:31:07.151+02:00 DEBUG 1968 --- [elex] [           main] org.hibernate.type.BasicTypeRegistry     : Adding type registration org.hibernate.type.OffsetTimeType -> basicType@4(java.time.OffsetTime,3007)
2024-04-06T12:31:07.151+02:00 DEBUG 1968 --- [elex] [           main] org.hibernate.type.BasicTypeRegistry     : Adding type registration OffsetTime -> basicType@4(java.time.OffsetTime,3007)
2024-04-06T12:31:07.151+02:00 DEBUG 1968 --- [elex] [           main] org.hibernate.type.BasicTypeRegistry     : Adding type registration java.time.OffsetTime -> basicType@4(java.time.OffsetTime,3007)
2024-04-06T12:31:07.152+02:00 DEBUG 1968 --- [elex] [           main] o.h.type.spi.TypeConfiguration$Scope     : Scoping TypeConfiguration [org.hibernate.type.spi.TypeConfiguration@35e689a0] to MetadataBuildingContext [org.hibernate.boot.internal.MetadataBuildingContextRootImpl@43b6cb1c]
2024-04-06T12:31:07.168+02:00 DEBUG 1968 --- [elex] [l-1 housekeeper] com.zaxxer.hikari.pool.HikariPool        : HikariPool-1 - Pool stats (total=1, active=0, idle=1, waiting=0)
2024-04-06T12:31:07.172+02:00 DEBUG 1968 --- [elex] [onnection adder] com.zaxxer.hikari.pool.HikariPool        : HikariPool-1 - Added connection com.mysql.cj.jdbc.ConnectionImpl@11ceeb88
2024-04-06T12:31:07.189+02:00 DEBUG 1968 --- [elex] [onnection adder] com.zaxxer.hikari.pool.HikariPool        : HikariPool-1 - Added connection com.mysql.cj.jdbc.ConnectionImpl@50f3e1b3
2024-04-06T12:31:07.192+02:00 DEBUG 1968 --- [elex] [           main] o.h.boot.model.relational.Namespace      : Created database namespace [logicalName=Name{catalog=null, schema=null}, physicalName=Name{catalog=null, schema=null}]
2024-04-06T12:31:07.202+02:00 DEBUG 1968 --- [elex] [onnection adder] com.zaxxer.hikari.pool.HikariPool        : HikariPool-1 - Added connection com.mysql.cj.jdbc.ConnectionImpl@6169b5aa
2024-04-06T12:31:07.215+02:00 DEBUG 1968 --- [elex] [           main] o.h.boot.model.internal.EntityBinder     : Binding entity from annotated class: com.soltel.elex.models.Actuacion
2024-04-06T12:31:07.218+02:00 DEBUG 1968 --- [elex] [onnection adder] com.zaxxer.hikari.pool.HikariPool        : HikariPool-1 - Added connection com.mysql.cj.jdbc.ConnectionImpl@30dc1efc
2024-04-06T12:31:07.222+02:00 DEBUG 1968 --- [elex] [           main] o.h.boot.model.internal.EntityBinder     : Import with entity name Actuacion
2024-04-06T12:31:07.227+02:00 DEBUG 1968 --- [elex] [           main] o.h.boot.model.internal.EntityBinder     : Bind entity com.soltel.elex.models.Actuacion on table actuaciones
2024-04-06T12:31:07.235+02:00 DEBUG 1968 --- [elex] [onnection adder] com.zaxxer.hikari.pool.HikariPool        : HikariPool-1 - Added connection com.mysql.cj.jdbc.ConnectionImpl@77a10067
2024-04-06T12:31:07.235+02:00 DEBUG 1968 --- [elex] [           main] o.h.boot.model.internal.AnnotatedColumn  : Binding column: AnnotatedDiscriminatorColumn(column='DTYPE')
2024-04-06T12:31:07.255+02:00 DEBUG 1968 --- [elex] [onnection adder] com.zaxxer.hikari.pool.HikariPool        : HikariPool-1 - Added connection com.mysql.cj.jdbc.ConnectionImpl@34924289
2024-04-06T12:31:07.257+02:00 DEBUG 1968 --- [elex] [           main] o.h.boot.model.internal.AnnotatedColumn  : Binding column: AnnotatedColumn()
2024-04-06T12:31:07.257+02:00 DEBUG 1968 --- [elex] [           main] o.h.boot.internal.ClassLoaderAccessImpl  : Not known whether passed class name [com.soltel.elex.models.Actuacion] is safe
2024-04-06T12:31:07.257+02:00 DEBUG 1968 --- [elex] [           main] o.h.boot.internal.ClassLoaderAccessImpl  : No temp ClassLoader provided; using live ClassLoader for loading potentially unsafe class : com.soltel.elex.models.Actuacion
2024-04-06T12:31:07.260+02:00 DEBUG 1968 --- [elex] [           main] o.h.boot.model.internal.PropertyBinder   : MetadataSourceProcessor property id with lazy=false
2024-04-06T12:31:07.263+02:00 DEBUG 1968 --- [elex] [           main] o.h.b.m.internal.AbstractPropertyHolder  : Attempting to locate auto-apply AttributeConverter for property [com.soltel.elex.models.Actuacion:id]
2024-04-06T12:31:07.266+02:00 DEBUG 1968 --- [elex] [           main] o.h.b.model.internal.BasicValueBinder    : building BasicValue for id
2024-04-06T12:31:07.268+02:00 DEBUG 1968 --- [elex] [           main] org.hibernate.mapping.BasicValue         : Skipping column re-registration: actuaciones.id
2024-04-06T12:31:07.269+02:00 DEBUG 1968 --- [elex] [           main] o.h.boot.model.internal.PropertyBinder   : Building property id
2024-04-06T12:31:07.272+02:00 DEBUG 1968 --- [elex] [           main] o.h.boot.model.internal.BinderHelper     : #makeIdGenerator(BasicValue([Column(id)]), id, identity, , ...)
2024-04-06T12:31:07.273+02:00 DEBUG 1968 --- [elex] [           main] o.h.boot.model.internal.AnnotatedColumn  : Binding column: AnnotatedColumn()
2024-04-06T12:31:07.273+02:00 DEBUG 1968 --- [elex] [           main] o.h.boot.model.internal.PropertyBinder   : MetadataSourceProcessor property activo with lazy=false
2024-04-06T12:31:07.273+02:00 DEBUG 1968 --- [elex] [           main] o.h.b.m.internal.AbstractPropertyHolder  : Attempting to locate auto-apply AttributeConverter for property [com.soltel.elex.models.Actuacion:activo]
2024-04-06T12:31:07.273+02:00 DEBUG 1968 --- [elex] [           main] o.h.b.model.internal.BasicValueBinder    : building BasicValue for activo
2024-04-06T12:31:07.273+02:00 DEBUG 1968 --- [elex] [           main] org.hibernate.mapping.BasicValue         : Skipping column re-registration: actuaciones.activo
2024-04-06T12:31:07.273+02:00 DEBUG 1968 --- [elex] [           main] o.h.boot.model.internal.PropertyBinder   : Building property activo
2024-04-06T12:31:07.274+02:00 DEBUG 1968 --- [elex] [           main] o.h.boot.model.internal.AnnotatedColumn  : Binding column: AnnotatedColumn()
2024-04-06T12:31:07.274+02:00 DEBUG 1968 --- [elex] [           main] o.h.boot.model.internal.PropertyBinder   : MetadataSourceProcessor property descripcion with lazy=false
2024-04-06T12:31:07.274+02:00 DEBUG 1968 --- [elex] [           main] o.h.b.m.internal.AbstractPropertyHolder  : Attempting to locate auto-apply AttributeConverter for property [com.soltel.elex.models.Actuacion:descripcion]
2024-04-06T12:31:07.274+02:00 DEBUG 1968 --- [elex] [           main] o.h.b.model.internal.BasicValueBinder    : building BasicValue for descripcion
2024-04-06T12:31:07.274+02:00 DEBUG 1968 --- [elex] [           main] org.hibernate.mapping.BasicValue         : Skipping column re-registration: actuaciones.descripcion
2024-04-06T12:31:07.274+02:00 DEBUG 1968 --- [elex] [           main] o.h.boot.model.internal.PropertyBinder   : Building property descripcion
2024-04-06T12:31:07.276+02:00 DEBUG 1968 --- [elex] [           main] o.h.boot.model.internal.AnnotatedColumn  : Binding column: AnnotatedJoinColumn(column='expediente')
2024-04-06T12:31:07.277+02:00 DEBUG 1968 --- [elex] [           main] o.h.boot.model.internal.AnnotatedColumn  : Binding column: AnnotatedColumn()
2024-04-06T12:31:07.281+02:00 DEBUG 1968 --- [elex] [           main] o.h.boot.model.internal.PropertyBinder   : Building property expediente
2024-04-06T12:31:07.281+02:00 DEBUG 1968 --- [elex] [           main] o.h.boot.model.internal.AnnotatedColumn  : Binding column: AnnotatedColumn()
2024-04-06T12:31:07.281+02:00 DEBUG 1968 --- [elex] [           main] o.h.boot.model.internal.PropertyBinder   : MetadataSourceProcessor property fecha with lazy=false
2024-04-06T12:31:07.281+02:00 DEBUG 1968 --- [elex] [           main] o.h.b.m.internal.AbstractPropertyHolder  : Attempting to locate auto-apply AttributeConverter for property [com.soltel.elex.models.Actuacion:fecha]
2024-04-06T12:31:07.281+02:00 DEBUG 1968 --- [elex] [           main] o.h.b.model.internal.BasicValueBinder    : building BasicValue for fecha
2024-04-06T12:31:07.281+02:00 DEBUG 1968 --- [elex] [           main] org.hibernate.mapping.BasicValue         : Skipping column re-registration: actuaciones.fecha
2024-04-06T12:31:07.282+02:00 DEBUG 1968 --- [elex] [           main] o.h.boot.model.internal.PropertyBinder   : Building property fecha
2024-04-06T12:31:07.282+02:00 DEBUG 1968 --- [elex] [           main] o.h.boot.model.internal.AnnotatedColumn  : Binding column: AnnotatedColumn()
2024-04-06T12:31:07.283+02:00 DEBUG 1968 --- [elex] [           main] o.h.boot.model.internal.PropertyBinder   : MetadataSourceProcessor property finalizado with lazy=false
2024-04-06T12:31:07.283+02:00 DEBUG 1968 --- [elex] [           main] o.h.b.m.internal.AbstractPropertyHolder  : Attempting to locate auto-apply AttributeConverter for property [com.soltel.elex.models.Actuacion:finalizado]
2024-04-06T12:31:07.283+02:00 DEBUG 1968 --- [elex] [           main] o.h.b.model.internal.BasicValueBinder    : building BasicValue for finalizado
2024-04-06T12:31:07.283+02:00 DEBUG 1968 --- [elex] [           main] org.hibernate.mapping.BasicValue         : Skipping column re-registration: actuaciones.finalizado
2024-04-06T12:31:07.283+02:00 DEBUG 1968 --- [elex] [           main] o.h.boot.model.internal.PropertyBinder   : Building property finalizado
2024-04-06T12:31:07.283+02:00 DEBUG 1968 --- [elex] [onnection adder] com.zaxxer.hikari.pool.HikariPool        : HikariPool-1 - Added connection com.mysql.cj.jdbc.ConnectionImpl@5946e3f4
2024-04-06T12:31:07.285+02:00 DEBUG 1968 --- [elex] [           main] o.h.b.r.c.i.ClassLoaderServiceImpl       : HHH000194: Package not found or wo package-info.java: com.soltel.elex.models
2024-04-06T12:31:07.289+02:00 DEBUG 1968 --- [elex] [           main] o.h.boot.model.internal.EntityBinder     : Binding entity from annotated class: com.soltel.elex.models.Documento
[...]
      Matched:
         - @ConditionalOnClass found required class 'org.springframework.boot.context.properties.bind.BindResult' (OnClassCondition)

   SpringDocConfiguration#springdocBeanFactoryPostProcessor2:
      Did not match:
         - @ConditionalOnMissingClass found unwanted class 'org.springframework.boot.context.properties.bind.BindResult' (OnClassCondition)

   SpringDocConfiguration.SpringDocActuatorConfiguration:
      Did not match:
         - @ConditionalOnClass did not find required class 'org.springframework.boot.actuate.autoconfigure.endpoint.web.WebEndpointProperties' (OnClassCondition)

   SpringDocConfiguration.SpringDocRepositoryRestConfiguration:
      Did not match:
         - @ConditionalOnClass did not find required class 'org.springframework.data.rest.core.config.RepositoryRestConfiguration' (OnClassCondition)

   SpringDocConfiguration.SpringDocWebFluxSupportConfiguration:
      Did not match:
         - @ConditionalOnClass did not find required class 'reactor.core.publisher.Flux' (OnClassCondition)

   SpringDocDataRestConfiguration:
      Did not match:
         - @ConditionalOnClass did not find required class 'org.springframework.data.rest.core.config.RepositoryRestConfiguration' (OnClassCondition)

   SpringDocFunctionCatalogConfiguration:
      Did not match:
         - @ConditionalOnClass did not find required class 'org.springframework.cloud.function.web.function.FunctionEndpointInitializer' (OnClassCondition)

   SpringDocGroovyConfiguration:
      Did not match:
         - @ConditionalOnClass did not find required class 'groovy.lang.MetaClass' (OnClassCondition)

   SpringDocHateoasConfiguration:
      Did not match:
         - @ConditionalOnClass did not find required class 'org.springframework.hateoas.server.LinkRelationProvider' (OnClassCondition)

   SpringDocJacksonKotlinModuleConfiguration:
      Did not match:
         - @ConditionalOnClass did not find required class 'com.fasterxml.jackson.module.kotlin.KotlinModule' (OnClassCondition)

   SpringDocJavadocConfiguration:
      Did not match:
         - @ConditionalOnClass did not find required class 'com.github.therapi.runtimejavadoc.CommentFormatter' (OnClassCondition)

   SpringDocKotlinConfiguration:
      Did not match:
         - @ConditionalOnClass did not find required class 'kotlin.coroutines.Continuation' (OnClassCondition)

   SpringDocKotlinxConfiguration:
      Did not match:
         - @ConditionalOnClass did not find required class 'kotlinx.coroutines.flow.Flow' (OnClassCondition)

   SpringDocSecurityConfiguration.SpringDocSecurityOAuth2Configuration:
      Did not match:
         - @ConditionalOnClass did not find required class 'org.springframework.security.oauth2.server.authorization.OAuth2AuthorizationService' (OnClassCondition)

   SpringDocSecurityConfiguration.SpringSecurityLoginEndpointConfiguration#springSecurityLoginEndpointCustomiser:
      Did not match:
         - @ConditionalOnProperty (springdoc.show-login-endpoint) did not find property 'springdoc.show-login-endpoint' (OnPropertyCondition)

   SpringDocSortConfiguration#delegatingMethodParameterCustomizer:
      Did not match:
         - @ConditionalOnMissingBean (types: org.springdoc.core.customizers.DelegatingMethodParameterCustomizer; SearchStrategy: all) found beans of type 'org.springdoc.core.customizers.DelegatingMethodParameterCustomizer' delegatingMethodParameterCustomizer (OnBeanCondition)

   SpringDocWebMvcConfiguration.SpringDocWebMvcActuatorConfiguration:
      Did not match:
         - @ConditionalOnClass did not find required class 'org.springframework.boot.actuate.endpoint.web.servlet.WebMvcEndpointHandlerMapping' (OnClassCondition)

   SwaggerConfig#springWebProvider:
      Did not match:
         - @ConditionalOnMissingBean (types: org.springdoc.core.providers.SpringWebProvider; SearchStrategy: all) found beans of type 'org.springdoc.core.providers.SpringWebProvider' springWebProvider (OnBeanCondition)

   SwaggerConfig#swaggerUiConfigParameters:
      Did not match:
         - @ConditionalOnMissingBean (types: org.springdoc.core.properties.SwaggerUiConfigParameters; SearchStrategy: all) found beans of type 'org.springdoc.core.properties.SwaggerUiConfigParameters' org.springdoc.core.properties.SwaggerUiConfigParameters (OnBeanCondition)

   SwaggerConfig#swaggerUiHome:
      Did not match:
         - @ConditionalOnProperty (springdoc.swagger-ui.use-root-path=true) did not find property 'springdoc.swagger-ui.use-root-path' (OnPropertyCondition)

   SwaggerConfig.SwaggerActuatorWelcomeConfiguration:
      Did not match:
         - @ConditionalOnClass did not find required class 'org.springframework.boot.actuate.endpoint.web.servlet.WebMvcEndpointHandlerMapping' (OnClassCondition)

   TaskExecutorConfigurations.SimpleAsyncTaskExecutorBuilderConfiguration#simpleAsyncTaskExecutorBuilderVirtualThreads:
      Did not match:
         - @ConditionalOnMissingBean (types: org.springframework.boot.task.SimpleAsyncTaskExecutorBuilder; SearchStrategy: all) found beans of type 'org.springframework.boot.task.SimpleAsyncTaskExecutorBuilder' simpleAsyncTaskExecutorBuilder (OnBeanCondition)

   TaskExecutorConfigurations.TaskExecutorConfiguration#applicationTaskExecutorVirtualThreads:
      Did not match:
         - @ConditionalOnThreading did not find VIRTUAL (OnThreadingCondition)

   TaskSchedulingAutoConfiguration#scheduledBeanLazyInitializationExcludeFilter:
      Did not match:
         - @ConditionalOnBean (names: org.springframework.context.annotation.internalScheduledAnnotationProcessor; SearchStrategy: all) did not find any beans named org.springframework.context.annotation.internalScheduledAnnotationProcessor (OnBeanCondition)

   TaskSchedulingConfigurations.SimpleAsyncTaskSchedulerBuilderConfiguration#simpleAsyncTaskSchedulerBuilderVirtualThreads:
      Did not match:
         - @ConditionalOnMissingBean (types: org.springframework.boot.task.SimpleAsyncTaskSchedulerBuilder; SearchStrategy: all) found beans of type 'org.springframework.boot.task.SimpleAsyncTaskSchedulerBuilder' simpleAsyncTaskSchedulerBuilder (OnBeanCondition)

   TaskSchedulingConfigurations.TaskSchedulerConfiguration:
      Did not match:
         - @ConditionalOnBean (names: org.springframework.context.annotation.internalScheduledAnnotationProcessor; SearchStrategy: all) did not find any beans named org.springframework.context.annotation.internalScheduledAnnotationProcessor (OnBeanCondition)

   ThymeleafAutoConfiguration:
      Did not match:
         - @ConditionalOnClass did not find required class 'org.thymeleaf.spring6.SpringTemplateEngine' (OnClassCondition)

   TransactionAutoConfiguration#transactionalOperator:
      Did not match:
         - @ConditionalOnSingleCandidate (types: org.springframework.transaction.ReactiveTransactionManager; SearchStrategy: all) did not find any beans (OnBeanCondition)

   TransactionAutoConfiguration.AspectJTransactionManagementConfiguration:
      Did not match:
         - @ConditionalOnBean (types: org.springframework.transaction.aspectj.AbstractTransactionAspect; SearchStrategy: all) did not find any beans of type org.springframework.transaction.aspectj.AbstractTransactionAspect (OnBeanCondition)

   TransactionAutoConfiguration.EnableTransactionManagementConfiguration.JdkDynamicAutoProxyConfiguration:
      Did not match:
         - @ConditionalOnProperty (spring.aop.proxy-target-class=false) did not find property 'proxy-target-class' (OnPropertyCondition)

   UserDetailsServiceAutoConfiguration:
      Did not match:
         - @ConditionalOnMissingBean (types: org.springframework.security.authentication.AuthenticationManager,org.springframework.security.authentication.AuthenticationProvider,org.springframework.security.core.userdetails.UserDetailsService,org.springframework.security.authentication.AuthenticationManagerResolver,org.springframework.security.oauth2.jwt.JwtDecoder; SearchStrategy: all) found beans of type 'org.springframework.security.core.userdetails.UserDetailsService' servicio (OnBeanCondition)
      Matched:
         - @ConditionalOnClass found required class 'org.springframework.security.authentication.AuthenticationManager' (OnClassCondition)
         - AnyNestedCondition 1 matched 2 did not; NestedCondition on UserDetailsServiceAutoConfiguration.MissingAlternativeOrUserPropertiesConfigured.PasswordConfigured @ConditionalOnProperty (spring.security.user.password) did not find property 'password'; NestedCondition on UserDetailsServiceAutoConfiguration.MissingAlternativeOrUserPropertiesConfigured.NameConfigured @ConditionalOnProperty (spring.security.user.name) did not find property 'name'; NestedCondition on UserDetailsServiceAutoConfiguration.MissingAlternativeOrUserPropertiesConfigured.MissingAlternative @ConditionalOnMissingClass did not find unwanted classes 'org.springframework.security.oauth2.client.registration.ClientRegistrationRepository', 'org.springframework.security.oauth2.server.resource.introspection.OpaqueTokenIntrospector', 'org.springframework.security.saml2.provider.service.registration.RelyingPartyRegistrationRepository' (UserDetailsServiceAutoConfiguration.MissingAlternativeOrUserPropertiesConfigured)

   ValidationAutoConfiguration:
      Did not match:
         - @ConditionalOnResource did not find resource 'classpath:META-INF/services/jakarta.validation.spi.ValidationProvider' (OnResourceCondition)
      Matched:
         - @ConditionalOnClass found required class 'jakarta.validation.executable.ExecutableValidator' (OnClassCondition)

   WebClientAutoConfiguration:
      Did not match:
         - @ConditionalOnClass did not find required class 'org.springframework.web.reactive.function.client.WebClient' (OnClassCondition)

   WebFluxAutoConfiguration:
      Did not match:
         - @ConditionalOnClass did not find required class 'org.springframework.web.reactive.config.WebFluxConfigurer' (OnClassCondition)

   WebMvcAutoConfiguration#hiddenHttpMethodFilter:
      Did not match:
         - @ConditionalOnProperty (spring.mvc.hiddenmethod.filter.enabled) did not find property 'enabled' (OnPropertyCondition)

   WebMvcAutoConfiguration.ProblemDetailsErrorHandlingConfiguration:
      Did not match:
         - @ConditionalOnProperty (spring.mvc.problemdetails.enabled=true) did not find property 'enabled' (OnPropertyCondition)

   WebMvcAutoConfiguration.ResourceChainCustomizerConfiguration:
      Did not match:
         - @ConditionalOnEnabledResourceChain did not find class org.webjars.WebJarAssetLocator (OnEnabledResourceChainCondition)

   WebMvcAutoConfiguration.WebMvcAutoConfigurationAdapter#beanNameViewResolver:
      Did not match:
         - @ConditionalOnMissingBean (types: org.springframework.web.servlet.view.BeanNameViewResolver; SearchStrategy: all) found beans of type 'org.springframework.web.servlet.view.BeanNameViewResolver' beanNameViewResolver (OnBeanCondition)

   WebServiceTemplateAutoConfiguration:
      Did not match:
         - @ConditionalOnClass did not find required class 'org.springframework.oxm.Marshaller' (OnClassCondition)

   WebServicesAutoConfiguration:
      Did not match:
         - @ConditionalOnClass did not find required class 'org.springframework.ws.transport.http.MessageDispatcherServlet' (OnClassCondition)

   WebSessionIdResolverAutoConfiguration:
      Did not match:
         - @ConditionalOnClass did not find required class 'reactor.core.publisher.Mono' (OnClassCondition)

   WebSocketMessagingAutoConfiguration:
      Did not match:
         - @ConditionalOnClass did not find required class 'org.springframework.web.socket.config.annotation.WebSocketMessageBrokerConfigurer' (OnClassCondition)

   WebSocketReactiveAutoConfiguration:
      Did not match:
         - @ConditionalOnWebApplication did not find reactive web application classes (OnWebApplicationCondition)

   WebSocketServletAutoConfiguration.JettyWebSocketConfiguration:
      Did not match:
         - @ConditionalOnClass did not find required class 'org.eclipse.jetty.ee10.websocket.jakarta.server.config.JakartaWebSocketServletContainerInitializer' (OnClassCondition)

   WebSocketServletAutoConfiguration.UndertowWebSocketConfiguration:
      Did not match:
         - @ConditionalOnClass did not find required class 'io.undertow.websockets.jsr.Bootstrap' (OnClassCondition)

   XADataSourceAutoConfiguration:
      Did not match:
         - @ConditionalOnBean (types: org.springframework.boot.jdbc.XADataSourceWrapper; SearchStrategy: all) did not find any beans of type org.springframework.boot.jdbc.XADataSourceWrapper (OnBeanCondition)
      Matched:
         - @ConditionalOnClass found required classes 'javax.sql.DataSource', 'jakarta.transaction.TransactionManager', 'org.springframework.jdbc.datasource.embedded.EmbeddedDatabaseType' (OnClassCondition)


Exclusions:
-----------

    None


Unconditional classes:
----------------------

    org.springframework.boot.autoconfigure.context.ConfigurationPropertiesAutoConfiguration

    org.springframework.boot.autoconfigure.ssl.SslAutoConfiguration

    org.springframework.boot.autoconfigure.context.PropertyPlaceholderAutoConfiguration

    org.springframework.boot.autoconfigure.context.LifecycleAutoConfiguration

    org.springdoc.core.configuration.SpringDocSpecPropertiesConfiguration

    org.springframework.boot.autoconfigure.availability.ApplicationAvailabilityAutoConfiguration

    org.springframework.boot.autoconfigure.info.ProjectInfoAutoConfiguration



2024-04-06T12:31:10.380+02:00  INFO 1968 --- [elex] [           main] com.soltel.elex.ElexApplicationTests     : Started ElexApplicationTests in 5.732 seconds (process running for 6.636)
2024-04-06T12:31:10.383+02:00 DEBUG 1968 --- [elex] [           main] o.s.b.a.ApplicationAvailabilityBean      : Application availability state LivenessState changed to CORRECT
2024-04-06T12:31:10.387+02:00 DEBUG 1968 --- [elex] [           main] o.s.b.a.ApplicationAvailabilityBean      : Application availability state ReadinessState changed to ACCEPTING_TRAFFIC
2024-04-06T12:31:10.392+02:00 DEBUG 1968 --- [elex] [           main] org.springframework.test.context.cache   : Spring test ApplicationContext cache statistics: [DefaultContextCache@2e1b1d22 size = 1, maxSize = 32, parentContextCount = 0, hitCount = 0, missCount = 1, failureCount = 0]
2024-04-06T12:31:10.393+02:00 DEBUG 1968 --- [elex] [           main] o.s.t.c.w.ServletTestExecutionListener   : Setting up MockHttpServletRequest, MockHttpServletResponse, ServletWebRequest, and RequestContextHolder for test class com.soltel.elex.ElexApplicationTests
2024-04-06T12:31:10.410+02:00 DEBUG 1968 --- [elex] [           main] DependencyInjectionTestExecutionListener : Performing dependency injection for test class com.soltel.elex.ElexApplicationTests
2024-04-06T12:31:10.410+02:00 DEBUG 1968 --- [elex] [           main] org.springframework.test.context.cache   : Spring test ApplicationContext cache statistics: [DefaultContextCache@2e1b1d22 size = 1, maxSize = 32, parentContextCount = 0, hitCount = 1, missCount = 1, failureCount = 0]
2024-04-06T12:31:10.412+02:00 DEBUG 1968 --- [elex] [           main] org.springframework.test.context.cache   : Spring test ApplicationContext cache statistics: [DefaultContextCache@2e1b1d22 size = 1, maxSize = 32, parentContextCount = 0, hitCount = 2, missCount = 1, failureCount = 0]
2024-04-06T12:31:10.428+02:00 DEBUG 1968 --- [elex] [           main] sContextBeforeModesTestExecutionListener : Before test method: class [ElexApplicationTests], method [contextLoads], class annotated with @DirtiesContext [false] with mode [null], method annotated with @DirtiesContext [false] with mode [null]
2024-04-06T12:31:10.431+02:00 DEBUG 1968 --- [elex] [           main] org.springframework.test.context.cache   : Spring test ApplicationContext cache statistics: [DefaultContextCache@2e1b1d22 size = 1, maxSize = 32, parentContextCount = 0, hitCount = 3, missCount = 1, failureCount = 0]
2024-04-06T12:31:10.432+02:00 DEBUG 1968 --- [elex] [           main] org.springframework.test.context.cache   : Spring test ApplicationContext cache statistics: [DefaultContextCache@2e1b1d22 size = 1, maxSize = 32, parentContextCount = 0, hitCount = 4, missCount = 1, failureCount = 0]
2024-04-06T12:31:10.968+02:00 DEBUG 1968 --- [elex] [           main] org.springframework.test.context.cache   : Spring test ApplicationContext cache statistics: [DefaultContextCache@2e1b1d22 size = 1, maxSize = 32, parentContextCount = 0, hitCount = 5, missCount = 1, failureCount = 0]
2024-04-06T12:31:10.974+02:00 DEBUG 1968 --- [elex] [           main] org.springframework.test.context.cache   : Spring test ApplicationContext cache statistics: [DefaultContextCache@2e1b1d22 size = 1, maxSize = 32, parentContextCount = 0, hitCount = 6, missCount = 1, failureCount = 0]
2024-04-06T12:31:10.975+02:00 DEBUG 1968 --- [elex] [           main] org.springframework.test.context.cache   : Spring test ApplicationContext cache statistics: [DefaultContextCache@2e1b1d22 size = 1, maxSize = 32, parentContextCount = 0, hitCount = 7, missCount = 1, failureCount = 0]
2024-04-06T12:31:10.975+02:00 DEBUG 1968 --- [elex] [           main] org.springframework.test.context.cache   : Spring test ApplicationContext cache statistics: [DefaultContextCache@2e1b1d22 size = 1, maxSize = 32, parentContextCount = 0, hitCount = 8, missCount = 1, failureCount = 0]
2024-04-06T12:31:10.976+02:00 DEBUG 1968 --- [elex] [           main] org.springframework.test.context.cache   : Spring test ApplicationContext cache statistics: [DefaultContextCache@2e1b1d22 size = 1, maxSize = 32, parentContextCount = 0, hitCount = 9, missCount = 1, failureCount = 0]
2024-04-06T12:31:10.976+02:00 DEBUG 1968 --- [elex] [           main] org.springframework.test.context.cache   : Spring test ApplicationContext cache statistics: [DefaultContextCache@2e1b1d22 size = 1, maxSize = 32, parentContextCount = 0, hitCount = 10, missCount = 1, failureCount = 0]
2024-04-06T12:31:10.977+02:00 DEBUG 1968 --- [elex] [           main] org.springframework.test.context.cache   : Spring test ApplicationContext cache statistics: [DefaultContextCache@2e1b1d22 size = 1, maxSize = 32, parentContextCount = 0, hitCount = 11, missCount = 1, failureCount = 0]
2024-04-06T12:31:10.978+02:00 DEBUG 1968 --- [elex] [           main] org.springframework.test.context.cache   : Spring test ApplicationContext cache statistics: [DefaultContextCache@2e1b1d22 size = 1, maxSize = 32, parentContextCount = 0, hitCount = 12, missCount = 1, failureCount = 0]
2024-04-06T12:31:10.978+02:00 DEBUG 1968 --- [elex] [           main] .c.s.DirtiesContextTestExecutionListener : After test method: class [ElexApplicationTests], method [contextLoads], class annotated with @DirtiesContext [false] with mode [null], method annotated with @DirtiesContext [false] with mode [null]
2024-04-06T12:31:10.978+02:00 DEBUG 1968 --- [elex] [           main] o.s.t.c.w.ServletTestExecutionListener   : Resetting RequestContextHolder for test class com.soltel.elex.ElexApplicationTests
]]></system-out>
  </testcase>
</testsuite>